Base path: C:/Program Files/Unity/Editor/Data
Pipe name: \\.\pipe\UnityShaderCompiler-64bit-1-14996
Cmd: getPlatforms
Cmd: preprocess
  insize=8333 outsize=2044 ok=1
Cmd: compileSnippet
  api=4 type=0 insize=6508 outsize=1006 kw= pd= ok=1
Cmd: compileSnippet
  api=4 type=1 insize=6508 outsize=1899 kw= pd= ok=1
Cmd: compileSnippet
  api=4 type=0 insize=6503 outsize=1006 kw= pd= ok=1
Cmd: compileSnippet
  api=4 type=1 insize=6503 outsize=3565 kw= pd= ok=1
Cmd: compileSnippet
  api=4 type=0 insize=6503 outsize=1006 kw= pd= ok=1
Cmd: compileSnippet
  api=4 type=1 insize=6503 outsize=1485 kw= pd= ok=1
Cmd: compileSnippet
  api=4 type=0 insize=6503 outsize=1006 kw= pd= ok=1
Cmd: compileSnippet
  api=4 type=1 insize=6503 outsize=1485 kw= pd= ok=1
Cmd: compileSnippet
  api=4 type=0 insize=6505 outsize=1006 kw= pd= ok=1
Cmd: compileSnippet
  api=4 type=1 insize=6505 outsize=1810 kw= pd= ok=1
Cmd: compileSnippet
  api=4 type=0 insize=6505 outsize=1006 kw= pd= ok=1
Cmd: compileSnippet
  api=4 type=1 insize=6505 outsize=1485 kw= pd= ok=1
Cmd: compileSnippet
  api=4 type=0 insize=6514 outsize=1006 kw= pd= ok=1
Cmd: compileSnippet
  api=4 type=1 insize=6514 outsize=1444 kw= pd= ok=1
Cmd: compileSnippet
  api=4 type=0 insize=6519 outsize=1006 kw= pd= ok=1
Cmd: compileSnippet
  api=4 type=1 insize=6519 outsize=1363 kw= pd= ok=1
Cmd: compileSnippet
  api=4 type=0 insize=6512 outsize=1006 kw= pd= ok=1
Cmd: compileSnippet
  api=4 type=1 insize=6512 outsize=868 kw= pd= ok=1
Cmd: compileSnippet
  api=4 type=0 insize=6510 outsize=1006 kw= pd= ok=1
Cmd: compileSnippet
  api=4 type=1 insize=6510 outsize=1526 kw= pd= ok=1
Cmd: compileSnippet
  api=4 type=0 insize=6517 outsize=1006 kw= pd= ok=1
Cmd: compileSnippet
  api=4 type=1 insize=6517 outsize=1948 kw= pd= ok=1
Cmd: preprocess
  insize=10964 outsize=662 ok=1
Cmd: compileSnippet
  api=4 type=0 insize=10530 outsize=1006 kw= pd= ok=1
Cmd: compileSnippet
  api=4 type=1 insize=10530 outsize=1688 kw= pd= ok=1
Cmd: compileSnippet
  api=4 type=0 insize=10552 outsize=1006 kw= pd= ok=1
Cmd: compileSnippet
  api=4 type=1 insize=10552 outsize=9285 kw= pd= ok=1
Cmd: compileSnippet
  api=4 type=0 insize=10508 outsize=1006 kw= pd= ok=1
Cmd: compileSnippet
  api=4 type=1 insize=10508 outsize=9301 kw= pd= ok=1
Cmd: preprocess
  insize=1248 outsize=340 ok=1
Cmd: compileSnippet
  api=4 type=0 insize=1210 outsize=1599 kw= pd= ok=1
Cmd: compileSnippet
  api=4 type=1 insize=1210 outsize=1168 kw= pd= ok=1
Cmd: preprocess
  insize=435 outsize=435 ok=1
Cmd: preprocess
  insize=7838 outsize=515 ok=1
Cmd: compileSnippet
  api=4 type=0 insize=7627 outsize=10577 kw= pd= ok=1
Cmd: compileSnippet
  api=4 type=1 insize=7627 outsize=2330 kw= pd= ok=1
Cmd: preprocess
  insize=1615 outsize=2303 ok=1
Cmd: compileSnippet
  api=4 type=0 insize=10993 outsize=1501 kw=DIRECTIONAL SHADOWS_OFF LIGHTMAP_OFF DIRLIGHTMAP_OFF DYNAMICLIGHTMAP_OFF pd= ok=1
Cmd: compileSnippet
  api=4 type=1 insize=10993 outsize=3516 kw=DIRECTIONAL SHADOWS_OFF LIGHTMAP_OFF DIRLIGHTMAP_OFF DYNAMICLIGHTMAP_OFF pd= ok=1
Cmd: compileSnippet
  api=4 type=2 insize=10993 outsize=7928 kw=DIRECTIONAL SHADOWS_OFF LIGHTMAP_OFF DIRLIGHTMAP_OFF DYNAMICLIGHTMAP_OFF pd= ok=1
Cmd: compileSnippet
  api=4 type=3 insize=10993 outsize=6181 kw=DIRECTIONAL SHADOWS_OFF LIGHTMAP_OFF DIRLIGHTMAP_OFF DYNAMICLIGHTMAP_OFF pd= ok=1
Cmd: compileSnippet
  api=4 type=0 insize=8388 outsize=1501 kw=POINT pd= ok=1
Cmd: compileSnippet
  api=4 type=1 insize=8388 outsize=3703 kw=POINT pd= ok=1
Cmd: compileSnippet
  api=4 type=2 insize=8388 outsize=7928 kw=POINT pd= ok=1
Cmd: compileSnippet
  api=4 type=3 insize=8388 outsize=5418 kw=POINT pd= ok=1
Cmd: compileSnippet
  api=4 type=0 insize=7556 outsize=1501 kw= pd= ok=1
Cmd: compileSnippet
  api=4 type=1 insize=7556 outsize=1591 kw= pd= ok=1
Cmd: compileSnippet
  api=4 type=2 insize=7556 outsize=7928 kw= pd= ok=1
Cmd: compileSnippet
  api=4 type=3 insize=7556 outsize=5377 kw= pd= ok=1
Cmd: compileSnippet
  api=4 type=0 insize=9878 outsize=1501 kw=LIGHTMAP_OFF DIRLIGHTMAP_OFF DYNAMICLIGHTMAP_OFF HDR_LIGHT_PREPASS_OFF pd= ok=1
Cmd: compileSnippet
  api=4 type=1 insize=9878 outsize=1607 kw=LIGHTMAP_OFF DIRLIGHTMAP_OFF DYNAMICLIGHTMAP_OFF HDR_LIGHT_PREPASS_OFF pd= ok=1
Cmd: compileSnippet
  api=4 type=2 insize=9878 outsize=7928 kw=LIGHTMAP_OFF DIRLIGHTMAP_OFF DYNAMICLIGHTMAP_OFF HDR_LIGHT_PREPASS_OFF pd= ok=1
Cmd: compileSnippet
  api=4 type=3 insize=9878 outsize=5320 kw=LIGHTMAP_OFF DIRLIGHTMAP_OFF DYNAMICLIGHTMAP_OFF HDR_LIGHT_PREPASS_OFF pd= ok=1
Cmd: compileSnippet
  api=4 type=0 insize=10902 outsize=1501 kw=LIGHTMAP_OFF DIRLIGHTMAP_OFF DYNAMICLIGHTMAP_OFF HDR_LIGHT_PREPASS_OFF pd= ok=1
Cmd: compileSnippet
  api=4 type=1 insize=10902 outsize=2744 kw=LIGHTMAP_OFF DIRLIGHTMAP_OFF DYNAMICLIGHTMAP_OFF HDR_LIGHT_PREPASS_OFF pd= ok=1
Cmd: compileSnippet
  api=4 type=2 insize=10902 outsize=7928 kw=LIGHTMAP_OFF DIRLIGHTMAP_OFF DYNAMICLIGHTMAP_OFF HDR_LIGHT_PREPASS_OFF pd= ok=1
Cmd: compileSnippet
  api=4 type=3 insize=10902 outsize=6181 kw=LIGHTMAP_OFF DIRLIGHTMAP_OFF DYNAMICLIGHTMAP_OFF HDR_LIGHT_PREPASS_OFF pd= ok=1
Cmd: compileSnippet
  api=4 type=0 insize=6303 outsize=1501 kw=SHADOWS_DEPTH pd= ok=1
Cmd: compileSnippet
  api=4 type=1 insize=6303 outsize=534 kw=SHADOWS_DEPTH pd= ok=1
Cmd: compileSnippet
  api=4 type=2 insize=6303 outsize=7928 kw=SHADOWS_DEPTH pd= ok=1
Cmd: compileSnippet
  api=4 type=3 insize=6303 outsize=5223 kw=SHADOWS_DEPTH pd= ok=1
Cmd: compileSnippet
  api=4 type=0 insize=7541 outsize=1501 kw= pd= ok=1
Cmd: compileSnippet
  api=4 type=1 insize=7541 outsize=1436 kw= pd= ok=1
Cmd: compileSnippet
  api=4 type=2 insize=7541 outsize=7928 kw= pd= ok=1
Cmd: compileSnippet
  api=4 type=3 insize=7541 outsize=6279 kw= pd= ok=1
Cmd: preprocess
  insize=1063 outsize=406 ok=1
Cmd: compileSnippet
  api=4 type=0 insize=955 outsize=1006 kw= pd= ok=1
Cmd: compileSnippet
  api=4 type=1 insize=955 outsize=859 kw= pd= ok=1
Cmd: compileSnippet
  api=4 type=0 insize=954 outsize=1006 kw= pd= ok=1
Cmd: compileSnippet
  api=4 type=1 insize=954 outsize=859 kw= pd= ok=1
Cmd: preprocess
  insize=9575 outsize=798 ok=1
Cmd: compileSnippet
  api=4 type=0 insize=8985 outsize=1924 kw= pd= ok=1
Cmd: compileSnippet
  api=4 type=1 insize=8985 outsize=3110 kw= pd= ok=1
Cmd: compileSnippet
  api=4 type=0 insize=8989 outsize=2013 kw= pd= ok=1
Cmd: compileSnippet
  api=4 type=1 insize=8989 outsize=3313 kw= pd= ok=1
Cmd: compileSnippet
  api=4 type=0 insize=9009 outsize=1355 kw= pd= ok=1
Cmd: compileSnippet
  api=4 type=1 insize=9009 outsize=4979 kw= pd= ok=1
Cmd: compileSnippet
  api=4 type=0 insize=9004 outsize=1355 kw= pd= ok=1
Cmd: compileSnippet
  api=4 type=1 insize=9004 outsize=5239 kw= pd= ok=1
Cmd: compileSnippet
  api=4 type=0 insize=9008 outsize=1493 kw= pd= ok=1
Cmd: compileSnippet
  api=4 type=1 insize=9008 outsize=1518 kw= pd= ok=1
Cmd: preprocess
  insize=1624 outsize=334 ok=1
Cmd: compileSnippet
  api=4 type=0 insize=1592 outsize=1363 kw= pd= ok=1
Cmd: compileSnippet
  api=4 type=1 insize=1592 outsize=1981 kw= pd= ok=1
Cmd: preprocess
  insize=844 outsize=330 ok=1
Cmd: compileSnippet
  api=4 type=0 insize=819 outsize=1006 kw= pd= ok=1
Cmd: compileSnippet
  api=4 type=1 insize=819 outsize=1241 kw= pd= ok=1
Cmd: preprocess
  insize=928 outsize=289 ok=1
Cmd: compileSnippet
  api=4 type=0 insize=944 outsize=1006 kw= pd= ok=1
Cmd: compileSnippet
  api=4 type=1 insize=944 outsize=973 kw= pd= ok=1
Cmd: preprocess
  insize=4159 outsize=1016 ok=1
Cmd: compileSnippet
  api=4 type=0 insize=3447 outsize=2281 kw=WATER_REFRACTIVE pd= ok=1
Cmd: compileSnippet
  api=4 type=1 insize=3447 outsize=2891 kw=WATER_REFRACTIVE pd= ok=1
Cmd: preprocess
  insize=1923 outsize=467 ok=1
Cmd: compileSnippet
  api=4 type=0 insize=1758 outsize=1006 kw= pd= ok=1
Cmd: compileSnippet
  api=4 type=1 insize=1758 outsize=1704 kw= pd= ok=1
Cmd: preprocess
  insize=1217 outsize=387 ok=1
Cmd: compileSnippet
  api=4 type=0 insize=1135 outsize=1355 kw= pd= ok=1
Cmd: compileSnippet
  api=4 type=1 insize=1135 outsize=1542 kw= pd= ok=1
Cmd: preprocess
  insize=1099 outsize=1373 ok=1
Cmd: compileSnippet
  api=4 type=0 insize=7510 outsize=4093 kw=DIRECTIONAL LIGHTMAP_OFF DIRLIGHTMAP_OFF DYNAMICLIGHTMAP_OFF pd= ok=1
Cmd: compileSnippet
  api=4 type=1 insize=7510 outsize=2704 kw=DIRECTIONAL LIGHTMAP_OFF DIRLIGHTMAP_OFF DYNAMICLIGHTMAP_OFF pd= ok=1
Cmd: compileSnippet
  api=4 type=0 insize=4008 outsize=2753 kw=POINT pd= ok=1
Cmd: compileSnippet
  api=4 type=1 insize=4008 outsize=2866 kw=POINT pd= ok=1
Cmd: compileSnippet
  api=4 type=0 insize=3591 outsize=3793 kw= pd= ok=1
Cmd: compileSnippet
  api=4 type=1 insize=3591 outsize=2574 kw= pd= ok=1
Cmd: preprocess
  insize=3521 outsize=640 ok=1
Cmd: compileSnippet
  api=4 type=0 insize=3155 outsize=1006 kw= pd= ok=1
Cmd: compileSnippet
  api=4 type=1 insize=3155 outsize=1355 kw= pd= ok=1
Cmd: compileSnippet
  api=4 type=0 insize=3153 outsize=1006 kw= pd= ok=1
Cmd: compileSnippet
  api=4 type=1 insize=3153 outsize=1225 kw= pd= ok=1
Cmd: compileSnippet
  api=4 type=0 insize=3160 outsize=1006 kw= pd= ok=1
Cmd: compileSnippet
  api=4 type=1 insize=3160 outsize=2801 kw= pd= ok=1
Cmd: preprocess
  insize=1454 outsize=2248 ok=1
Cmd: compileSnippet
  api=4 type=0 insize=11161 outsize=1501 kw=DIRECTIONAL SHADOWS_OFF LIGHTMAP_OFF DIRLIGHTMAP_OFF DYNAMICLIGHTMAP_OFF pd= ok=1
Cmd: compileSnippet
  api=4 type=1 insize=11161 outsize=3516 kw=DIRECTIONAL SHADOWS_OFF LIGHTMAP_OFF DIRLIGHTMAP_OFF DYNAMICLIGHTMAP_OFF pd= ok=1
Cmd: compileSnippet
  api=4 type=2 insize=11161 outsize=7863 kw=DIRECTIONAL SHADOWS_OFF LIGHTMAP_OFF DIRLIGHTMAP_OFF DYNAMICLIGHTMAP_OFF pd= ok=1
Cmd: compileSnippet
  api=4 type=3 insize=11161 outsize=7148 kw=DIRECTIONAL SHADOWS_OFF LIGHTMAP_OFF DIRLIGHTMAP_OFF DYNAMICLIGHTMAP_OFF pd= ok=1
Cmd: compileSnippet
  api=4 type=0 insize=8556 outsize=1501 kw=POINT pd= ok=1
Cmd: compileSnippet
  api=4 type=1 insize=8556 outsize=3703 kw=POINT pd= ok=1
Cmd: compileSnippet
  api=4 type=2 insize=8556 outsize=7863 kw=POINT pd= ok=1
Cmd: compileSnippet
  api=4 type=3 insize=8556 outsize=6384 kw=POINT pd= ok=1
Cmd: compileSnippet
  api=4 type=0 insize=7724 outsize=1501 kw= pd= ok=1
Cmd: compileSnippet
  api=4 type=1 insize=7724 outsize=1591 kw= pd= ok=1
Cmd: compileSnippet
  api=4 type=2 insize=7724 outsize=7863 kw= pd= ok=1
Cmd: compileSnippet
  api=4 type=3 insize=7724 outsize=6344 kw= pd= ok=1
Cmd: compileSnippet
  api=4 type=0 insize=10046 outsize=1501 kw=LIGHTMAP_OFF DIRLIGHTMAP_OFF DYNAMICLIGHTMAP_OFF HDR_LIGHT_PREPASS_OFF pd= ok=1
Cmd: compileSnippet
  api=4 type=1 insize=10046 outsize=1607 kw=LIGHTMAP_OFF DIRLIGHTMAP_OFF DYNAMICLIGHTMAP_OFF HDR_LIGHT_PREPASS_OFF pd= ok=1
Cmd: compileSnippet
  api=4 type=2 insize=10046 outsize=7863 kw=LIGHTMAP_OFF DIRLIGHTMAP_OFF DYNAMICLIGHTMAP_OFF HDR_LIGHT_PREPASS_OFF pd= ok=1
Cmd: compileSnippet
  api=4 type=3 insize=10046 outsize=6287 kw=LIGHTMAP_OFF DIRLIGHTMAP_OFF DYNAMICLIGHTMAP_OFF HDR_LIGHT_PREPASS_OFF pd= ok=1
Cmd: compileSnippet
  api=4 type=0 insize=11070 outsize=1501 kw=LIGHTMAP_OFF DIRLIGHTMAP_OFF DYNAMICLIGHTMAP_OFF HDR_LIGHT_PREPASS_OFF pd= ok=1
Cmd: compileSnippet
  api=4 type=1 insize=11070 outsize=2744 kw=LIGHTMAP_OFF DIRLIGHTMAP_OFF DYNAMICLIGHTMAP_OFF HDR_LIGHT_PREPASS_OFF pd= ok=1
Cmd: compileSnippet
  api=4 type=2 insize=11070 outsize=7863 kw=LIGHTMAP_OFF DIRLIGHTMAP_OFF DYNAMICLIGHTMAP_OFF HDR_LIGHT_PREPASS_OFF pd= ok=1
Cmd: compileSnippet
  api=4 type=3 insize=11070 outsize=7148 kw=LIGHTMAP_OFF DIRLIGHTMAP_OFF DYNAMICLIGHTMAP_OFF HDR_LIGHT_PREPASS_OFF pd= ok=1
Cmd: compileSnippet
  api=4 type=0 insize=6471 outsize=1501 kw=SHADOWS_DEPTH pd= ok=1
Cmd: compileSnippet
  api=4 type=1 insize=6471 outsize=534 kw=SHADOWS_DEPTH pd= ok=1
Cmd: compileSnippet
  api=4 type=2 insize=6471 outsize=7863 kw=SHADOWS_DEPTH pd= ok=1
Cmd: compileSnippet
  api=4 type=3 insize=6471 outsize=5954 kw=SHADOWS_DEPTH pd= ok=1
Cmd: compileSnippet
  api=4 type=0 insize=7709 outsize=1501 kw= pd= ok=1
Cmd: compileSnippet
  api=4 type=1 insize=7709 outsize=1436 kw= pd= ok=1
Cmd: compileSnippet
  api=4 type=2 insize=7709 outsize=7863 kw= pd= ok=1
Cmd: compileSnippet
  api=4 type=3 insize=7709 outsize=7246 kw= pd= ok=1
Cmd: preprocess
  insize=1013 outsize=1567 ok=1
Cmd: compileSnippet
  api=4 type=0 insize=7338 outsize=3443 kw=DIRECTIONAL SHADOWS_OFF LIGHTMAP_OFF DIRLIGHTMAP_OFF DYNAMICLIGHTMAP_OFF pd= ok=1
Cmd: compileSnippet
  api=4 type=1 insize=7338 outsize=1769 kw=DIRECTIONAL SHADOWS_OFF LIGHTMAP_OFF DIRLIGHTMAP_OFF DYNAMICLIGHTMAP_OFF pd= ok=1
Cmd: compileSnippet
  api=4 type=0 insize=4149 outsize=2533 kw=POINT pd= ok=1
Cmd: compileSnippet
  api=4 type=1 insize=4149 outsize=2379 kw=POINT pd= ok=1
Cmd: compileSnippet
  api=4 type=0 insize=3453 outsize=2533 kw= pd= ok=1
Cmd: compileSnippet
  api=4 type=1 insize=3453 outsize=697 kw= pd= ok=1
Cmd: compileSnippet
  api=4 type=0 insize=6501 outsize=3971 kw=LIGHTMAP_OFF DIRLIGHTMAP_OFF DYNAMICLIGHTMAP_OFF HDR_LIGHT_PREPASS_OFF pd= ok=1
Cmd: compileSnippet
  api=4 type=1 insize=6501 outsize=1891 kw=LIGHTMAP_OFF DIRLIGHTMAP_OFF DYNAMICLIGHTMAP_OFF HDR_LIGHT_PREPASS_OFF pd= ok=1
Cmd: compileSnippet
  api=4 type=0 insize=6480 outsize=3581 kw=LIGHTMAP_OFF DIRLIGHTMAP_OFF DYNAMICLIGHTMAP_OFF HDR_LIGHT_PREPASS_OFF pd= ok=1
Cmd: compileSnippet
  api=4 type=1 insize=6480 outsize=2103 kw=LIGHTMAP_OFF DIRLIGHTMAP_OFF DYNAMICLIGHTMAP_OFF HDR_LIGHT_PREPASS_OFF pd= ok=1
Cmd: compileSnippet
  api=4 type=0 insize=3678 outsize=3216 kw= pd= ok=1
Cmd: compileSnippet
  api=4 type=1 insize=3678 outsize=1843 kw= pd= ok=1
Cmd: preprocess
  insize=1164 outsize=384 ok=1
Cmd: compileSnippet
  api=4 type=0 insize=1085 outsize=1006 kw= pd= ok=1
Cmd: compileSnippet
  api=4 type=1 insize=1085 outsize=1973 kw= pd= ok=1
Cmd: preprocess
  insize=6511 outsize=781 ok=1
Cmd: compileSnippet
  api=4 type=0 insize=1952 outsize=1225 kw= pd= ok=1
Cmd: compileSnippet
  api=4 type=1 insize=1952 outsize=12251 kw= pd= ok=1
Cmd: compileSnippet
  api=4 type=0 insize=2216 outsize=1225 kw= pd= ok=1
Cmd: compileSnippet
  api=4 type=1 insize=2216 outsize=20148 kw= pd= ok=1
Cmd: compileSnippet
  api=4 type=0 insize=2722 outsize=1225 kw= pd= ok=1
Cmd: compileSnippet
  api=4 type=1 insize=2722 outsize=35943 kw= pd= ok=1
Cmd: compileSnippet
  error: 1 plat 4 at (228): 's': loop control variable conflicts with a previous declaration in the outer scope; most recent declaration will be used\nCompiling Vertex program
  api=4 type=0 insize=2998 outsize=1087 kw= pd= ok=1
Cmd: compileSnippet
  error: 1 plat 4 at (228): 's': loop control variable conflicts with a previous declaration in the outer scope; most recent declaration will be used\nCompiling Fragment program
  api=4 type=1 insize=2998 outsize=4028 kw= pd= ok=1
Cmd: compileSnippet
  api=4 type=0 insize=1938 outsize=1119 kw= pd= ok=1
Cmd: compileSnippet
  api=4 type=1 insize=1938 outsize=1111 kw= pd= ok=1
Cmd: preprocess
  insize=1097 outsize=289 ok=1
Cmd: compileSnippet
  api=4 type=0 insize=1113 outsize=1753 kw= pd= ok=1
Cmd: compileSnippet
  api=4 type=1 insize=1113 outsize=1412 kw= pd= ok=1
Cmd: preprocess
  insize=12815 outsize=2575 ok=1
Cmd: compileSnippet
  api=4 type=0 insize=10255 outsize=5393 kw=WATER_REFLECTIVE WATER_VERTEX_DISPLACEMENT_ON WATER_EDGEBLEND_ON pd= ok=1
Cmd: compileSnippet
  api=4 type=1 insize=10255 outsize=6157 kw=WATER_REFLECTIVE WATER_VERTEX_DISPLACEMENT_ON WATER_EDGEBLEND_ON pd= ok=1
Cmd: compileSnippet
  api=4 type=0 insize=10261 outsize=5003 kw=WATER_REFLECTIVE WATER_VERTEX_DISPLACEMENT_ON WATER_EDGEBLEND_ON pd= ok=1
Cmd: compileSnippet
  api=4 type=1 insize=10261 outsize=4743 kw=WATER_REFLECTIVE WATER_VERTEX_DISPLACEMENT_ON WATER_EDGEBLEND_ON pd= ok=1
Cmd: compileSnippet
  api=4 type=0 insize=10030 outsize=1989 kw= pd= ok=1
Cmd: compileSnippet
  api=4 type=1 insize=10030 outsize=3329 kw= pd= ok=1
Cmd: preprocess
  insize=1044 outsize=1035 ok=1
Cmd: compileSnippet
  api=4 type=0 insize=6892 outsize=3281 kw=DIRECTIONAL SHADOWS_OFF LIGHTMAP_OFF DIRLIGHTMAP_OFF DYNAMICLIGHTMAP_OFF pd= ok=1
Cmd: compileSnippet
  api=4 type=1 insize=6892 outsize=1469 kw=DIRECTIONAL SHADOWS_OFF LIGHTMAP_OFF DIRLIGHTMAP_OFF DYNAMICLIGHTMAP_OFF pd= ok=1
Cmd: compileSnippet
  api=4 type=0 insize=3944 outsize=2753 kw=POINT pd= ok=1
Cmd: compileSnippet
  api=4 type=1 insize=3944 outsize=2151 kw=POINT pd= ok=1
Cmd: compileSnippet
  api=4 type=0 insize=3411 outsize=2103 kw= pd= ok=1
Cmd: compileSnippet
  api=4 type=1 insize=3411 outsize=1266 kw= pd= ok=1
Cmd: preprocess
  insize=2413 outsize=753 ok=1
Cmd: compileSnippet
  api=4 type=0 insize=1931 outsize=1355 kw= pd= ok=1
Cmd: compileSnippet
  api=4 type=1 insize=1931 outsize=1217 kw= pd= ok=1
Cmd: compileSnippet
  api=4 type=0 insize=1928 outsize=1355 kw= pd= ok=1
Cmd: compileSnippet
  api=4 type=1 insize=1928 outsize=949 kw= pd= ok=1
Cmd: compileSnippet
  api=4 type=0 insize=1941 outsize=1656 kw= pd= ok=1
Cmd: compileSnippet
  api=4 type=1 insize=1941 outsize=1323 kw= pd= ok=1
Cmd: compileSnippet
  api=4 type=0 insize=1940 outsize=1355 kw= pd= ok=1
Cmd: compileSnippet
  api=4 type=1 insize=1940 outsize=868 kw= pd= ok=1
Cmd: preprocess
  insize=883 outsize=277 ok=1
Cmd: compileSnippet
  api=4 type=0 insize=911 outsize=1006 kw= pd= ok=1
Cmd: compileSnippet
  api=4 type=1 insize=911 outsize=1006 kw= pd= ok=1
Cmd: preprocess
  insize=1314 outsize=362 ok=1
Cmd: compileSnippet
  api=4 type=0 insize=1251 outsize=1469 kw= pd= ok=1
Cmd: compileSnippet
  api=4 type=1 insize=1251 outsize=1453 kw= pd= ok=1
Cmd: preprocess
  insize=1353 outsize=326 ok=1
Cmd: compileSnippet
  api=4 type=0 insize=1333 outsize=1802 kw= pd= ok=1
Cmd: compileSnippet
  api=4 type=1 insize=1333 outsize=1347 kw= pd= ok=1
Cmd: preprocess
  insize=1188 outsize=255 ok=1
Cmd: compileSnippet
  api=4 type=0 insize=1238 outsize=1843 kw= pd= ok=1
Cmd: compileSnippet
  api=4 type=1 insize=1238 outsize=1371 kw= pd= ok=1
Cmd: preprocess
  insize=2379 outsize=1092 ok=1
Cmd: compileSnippet
  api=4 type=0 insize=1589 outsize=1290 kw=SOFTPARTICLES_OFF pd= ok=1
Cmd: compileSnippet
  api=4 type=1 insize=1589 outsize=924 kw=SOFTPARTICLES_OFF pd= ok=1
Cmd: preprocess
  insize=1344 outsize=330 ok=1
Cmd: compileSnippet
  api=4 type=0 insize=1316 outsize=1363 kw= pd= ok=1
Cmd: compileSnippet
  api=4 type=1 insize=1316 outsize=1518 kw= pd= ok=1
Cmd: preprocess
  insize=1193 outsize=303 ok=1
Cmd: compileSnippet
  api=4 type=0 insize=1194 outsize=1314 kw= pd= ok=1
Cmd: compileSnippet
  api=4 type=1 insize=1194 outsize=1444 kw= pd= ok=1
Cmd: preprocess
  insize=2235 outsize=619 ok=1
Cmd: compileSnippet
  api=4 type=0 insize=1922 outsize=1444 kw= pd= ok=1
Cmd: compileSnippet
  api=4 type=1 insize=1922 outsize=3224 kw= pd= ok=1
Cmd: preprocess
  insize=902 outsize=252 ok=1
Cmd: compileSnippet
  api=4 type=0 insize=950 outsize=1071 kw= pd= ok=1
Cmd: compileSnippet
  api=4 type=1 insize=950 outsize=1233 kw= pd= ok=1
Cmd: preprocess
  insize=636 outsize=302 ok=1
Cmd: compileSnippet
  api=4 type=0 insize=634 outsize=1006 kw= pd= ok=1
Cmd: compileSnippet
  api=4 type=1 insize=634 outsize=1071 kw= pd= ok=1
Cmd: preprocess
  insize=6131 outsize=973 ok=1
Cmd: compileSnippet
  api=4 type=0 insize=5399 outsize=1314 kw= pd= ok=1
Cmd: compileSnippet
  api=4 type=1 insize=5399 outsize=892 kw= pd= ok=1
Cmd: compileSnippet
  api=4 type=0 insize=5406 outsize=1599 kw= pd= ok=1
Cmd: compileSnippet
  api=4 type=1 insize=5406 outsize=1534 kw= pd= ok=1
Cmd: compileSnippet
  api=4 type=0 insize=5410 outsize=1412 kw= pd= ok=1
Cmd: compileSnippet
  api=4 type=1 insize=5410 outsize=1534 kw= pd= ok=1
Cmd: compileSnippet
  api=4 type=0 insize=5411 outsize=1412 kw= pd= ok=1
Cmd: compileSnippet
  api=4 type=1 insize=5411 outsize=1534 kw= pd= ok=1
Cmd: compileSnippet
  api=4 type=0 insize=5415 outsize=1769 kw= pd= ok=1
Cmd: compileSnippet
  api=4 type=1 insize=5415 outsize=1802 kw= pd= ok=1
Cmd: compileSnippet
  api=4 type=0 insize=5416 outsize=1769 kw= pd= ok=1
Cmd: compileSnippet
  api=4 type=1 insize=5416 outsize=1802 kw= pd= ok=1
Cmd: preprocess
  insize=2237 outsize=975 ok=1
Cmd: compileSnippet
  api=4 type=0 insize=1561 outsize=1290 kw=SOFTPARTICLES_OFF pd= ok=1
Cmd: compileSnippet
  api=4 type=1 insize=1561 outsize=868 kw=SOFTPARTICLES_OFF pd= ok=1
Cmd: preprocess
  insize=32573 outsize=255 ok=1
Cmd: compileSnippet
  api=4 type=0 insize=32620 outsize=1006 kw= pd= ok=1
Cmd: compileSnippet
  api=4 type=1 insize=32620 outsize=10764 kw= pd= ok=1
Cmd: preprocess
  insize=1154 outsize=242 ok=1
Cmd: compileSnippet
  api=4 type=0 insize=1214 outsize=1274 kw= pd= ok=1
Cmd: compileSnippet
  api=4 type=1 insize=1214 outsize=1453 kw= pd= ok=1
Cmd: preprocess
  insize=4293 outsize=504 ok=1
Cmd: compileSnippet
  api=4 type=0 insize=3976 outsize=1859 kw= pd= ok=1
Cmd: compileSnippet
  api=4 type=1 insize=3976 outsize=3500 kw= pd= ok=1
Cmd: compileSnippet
  api=4 type=0 insize=3977 outsize=1859 kw= pd= ok=1
Cmd: compileSnippet
  api=4 type=1 insize=3977 outsize=2549 kw= pd= ok=1
Cmd: compileSnippet
  api=4 type=0 insize=3977 outsize=1859 kw= pd= ok=1
Cmd: compileSnippet
  api=4 type=1 insize=3977 outsize=3134 kw= pd= ok=1
Cmd: preprocess
  insize=992 outsize=248 ok=1
Cmd: compileSnippet
  api=4 type=0 insize=1045 outsize=1550 kw= pd= ok=1
Cmd: compileSnippet
  api=4 type=1 insize=1045 outsize=1160 kw= pd= ok=1
Cmd: preprocess
  insize=4770 outsize=1779 ok=1
Cmd: compileSnippet
  api=4 type=0 insize=3198 outsize=1355 kw= pd= ok=1
Cmd: compileSnippet
  api=4 type=1 insize=3198 outsize=1176 kw= pd= ok=1
Cmd: compileSnippet
  api=4 type=0 insize=3195 outsize=1355 kw= pd= ok=1
Cmd: compileSnippet
  api=4 type=1 insize=3195 outsize=949 kw= pd= ok=1
Cmd: compileSnippet
  api=4 type=0 insize=3211 outsize=1769 kw= pd= ok=1
Cmd: compileSnippet
  api=4 type=1 insize=3211 outsize=1444 kw= pd= ok=1
Cmd: compileSnippet
  api=4 type=0 insize=3203 outsize=1355 kw= pd= ok=1
Cmd: compileSnippet
  api=4 type=1 insize=3203 outsize=868 kw= pd= ok=1
Cmd: compileSnippet
  api=4 type=0 insize=3203 outsize=1355 kw= pd= ok=1
Cmd: compileSnippet
  api=4 type=1 insize=3203 outsize=1176 kw= pd= ok=1
Cmd: compileSnippet
  api=4 type=0 insize=3200 outsize=1355 kw= pd= ok=1
Cmd: compileSnippet
  api=4 type=1 insize=3200 outsize=949 kw= pd= ok=1
Cmd: compileSnippet
  api=4 type=0 insize=3212 outsize=1769 kw= pd= ok=1
Cmd: compileSnippet
  api=4 type=1 insize=3212 outsize=1371 kw= pd= ok=1
Cmd: compileSnippet
  api=4 type=0 insize=3205 outsize=1355 kw= pd= ok=1
Cmd: compileSnippet
  api=4 type=1 insize=3205 outsize=786 kw= pd= ok=1
Cmd: compileSnippet
  api=4 type=0 insize=3197 outsize=1355 kw= pd= ok=1
Cmd: compileSnippet
  api=4 type=1 insize=3197 outsize=575 kw= pd= ok=1
Cmd: compileSnippet
  api=4 type=0 insize=3201 outsize=1355 kw= pd= ok=1
Cmd: compileSnippet
  api=4 type=1 insize=3201 outsize=778 kw= pd= ok=1
Cmd: compileSnippet
  api=4 type=0 insize=3196 outsize=1355 kw= pd= ok=1
Cmd: compileSnippet
  api=4 type=1 insize=3196 outsize=664 kw= pd= ok=1
Cmd: preprocess
  insize=12787 outsize=1859 ok=1
Cmd: compileSnippet
  api=4 type=0 insize=11105 outsize=1006 kw= pd= ok=1
Cmd: compileSnippet
  api=4 type=1 insize=11105 outsize=2176 kw= pd= ok=1
Cmd: compileSnippet
  api=4 type=0 insize=11096 outsize=1006 kw= pd= ok=1
Cmd: compileSnippet
  api=4 type=1 insize=11096 outsize=859 kw= pd= ok=1
Cmd: compileSnippet
  api=4 type=0 insize=11098 outsize=1006 kw= pd= ok=1
Cmd: compileSnippet
  api=4 type=1 insize=11098 outsize=1932 kw= pd= ok=1
Cmd: compileSnippet
  api=4 type=0 insize=11103 outsize=1006 kw= pd= ok=1
Cmd: compileSnippet
  api=4 type=1 insize=11103 outsize=3719 kw= pd= ok=1
Cmd: compileSnippet
  api=4 type=0 insize=11113 outsize=1006 kw= pd= ok=1
Cmd: compileSnippet
  api=4 type=1 insize=11113 outsize=5897 kw= pd= ok=1
Cmd: compileSnippet
  api=4 type=0 insize=11100 outsize=1006 kw= pd= ok=1
Cmd: compileSnippet
  api=4 type=1 insize=11100 outsize=1631 kw= pd= ok=1
Cmd: compileSnippet
  api=4 type=0 insize=11106 outsize=1006 kw= pd= ok=1
Cmd: compileSnippet
  api=4 type=1 insize=11106 outsize=3029 kw= pd= ok=1
Cmd: compileSnippet
  api=4 type=0 insize=11112 outsize=1006 kw= pd= ok=1
Cmd: compileSnippet
  api=4 type=1 insize=11112 outsize=9293 kw= pd= ok=1
Cmd: preprocess
  insize=963 outsize=333 ok=1
Cmd: compileSnippet
  api=4 type=0 insize=935 outsize=1006 kw= pd= ok=1
Cmd: compileSnippet
  api=4 type=1 insize=935 outsize=1054 kw= pd= ok=1
Cmd: preprocess
  insize=11975 outsize=2457 ok=1
Cmd: compileSnippet
  api=4 type=0 insize=9538 outsize=5044 kw=WATER_REFLECTIVE WATER_VERTEX_DISPLACEMENT_ON WATER_EDGEBLEND_ON pd= ok=1
Cmd: compileSnippet
  api=4 type=1 insize=9538 outsize=5263 kw=WATER_REFLECTIVE WATER_VERTEX_DISPLACEMENT_ON WATER_EDGEBLEND_ON pd= ok=1
Cmd: compileSnippet
  api=4 type=0 insize=9540 outsize=4751 kw=WATER_REFLECTIVE WATER_VERTEX_DISPLACEMENT_ON WATER_EDGEBLEND_ON pd= ok=1
Cmd: compileSnippet
  api=4 type=1 insize=9540 outsize=4475 kw=WATER_REFLECTIVE WATER_VERTEX_DISPLACEMENT_ON WATER_EDGEBLEND_ON pd= ok=1
Cmd: compileSnippet
  api=4 type=0 insize=9313 outsize=1948 kw= pd= ok=1
Cmd: compileSnippet
  api=4 type=1 insize=9313 outsize=3329 kw= pd= ok=1
Cmd: preprocess
  insize=6023 outsize=731 ok=1
Cmd: compileSnippet
  api=4 type=0 insize=5294 outsize=1875 kw= pd= ok=1
Cmd: compileSnippet
  api=4 type=1 insize=5294 outsize=4394 kw= pd= ok=1
Cmd: compileSnippet
  api=4 type=0 insize=5302 outsize=1875 kw= pd= ok=1
Cmd: compileSnippet
  api=4 type=1 insize=5302 outsize=3508 kw= pd= ok=1
Cmd: compileSnippet
  api=4 type=0 insize=5296 outsize=1875 kw= pd= ok=1
Cmd: compileSnippet
  api=4 type=1 insize=5296 outsize=3524 kw= pd= ok=1
Cmd: compileSnippet
  api=4 type=0 insize=5307 outsize=1875 kw= pd= ok=1
Cmd: compileSnippet
  api=4 type=1 insize=5307 outsize=2704 kw= pd= ok=1
Cmd: compileSnippet
  api=4 type=0 insize=5302 outsize=1875 kw= pd= ok=1
Cmd: compileSnippet
  api=4 type=1 insize=5302 outsize=1924 kw= pd= ok=1
Cmd: preprocess
  insize=2677 outsize=761 ok=1
Cmd: compileSnippet
  api=4 type=0 insize=2189 outsize=1444 kw= pd= ok=1
Cmd: compileSnippet
  api=4 type=1 insize=2189 outsize=949 kw= pd= ok=1
Cmd: compileSnippet
  api=4 type=0 insize=2189 outsize=1444 kw= pd= ok=1
Cmd: compileSnippet
  api=4 type=1 insize=2189 outsize=1176 kw= pd= ok=1
Cmd: compileSnippet
  api=4 type=0 insize=2193 outsize=1444 kw= pd= ok=1
Cmd: compileSnippet
  api=4 type=1 insize=2193 outsize=989 kw= pd= ok=1
Cmd: compileSnippet
  api=4 type=0 insize=2192 outsize=1444 kw= pd= ok=1
Cmd: compileSnippet
  api=4 type=1 insize=2192 outsize=1989 kw= pd= ok=1
Cmd: compileSnippet
  api=4 type=0 insize=2195 outsize=1444 kw= pd= ok=1
Cmd: compileSnippet
  api=4 type=1 insize=2195 outsize=973 kw= pd= ok=1
Cmd: preprocess
  insize=10773 outsize=2532 ok=1
Cmd: compileSnippet
  api=4 type=0 insize=8468 outsize=1314 kw= pd= ok=1
Cmd: compileSnippet
  api=4 type=1 insize=8468 outsize=4475 kw= pd= ok=1
Cmd: compileSnippet
  api=4 type=0 insize=8473 outsize=1314 kw= pd= ok=1
Cmd: compileSnippet
  api=4 type=1 insize=8473 outsize=2452 kw= pd= ok=1
Cmd: compileSnippet
  api=4 type=0 insize=8472 outsize=1314 kw= pd= ok=1
Cmd: compileSnippet
  api=4 type=1 insize=8472 outsize=892 kw= pd= ok=1
Cmd: compileSnippet
  api=4 type=0 insize=8476 outsize=1314 kw= pd= ok=1
Cmd: compileSnippet
  api=4 type=1 insize=8476 outsize=1745 kw= pd= ok=1
Cmd: compileSnippet
  api=4 type=0 insize=8475 outsize=1314 kw= pd= ok=1
Cmd: compileSnippet
  api=4 type=1 insize=8475 outsize=1347 kw= pd= ok=1
Cmd: preprocess
  insize=2486 outsize=1156 ok=1
Cmd: compileSnippet
  api=4 type=0 insize=1632 outsize=1583 kw= pd= ok=1
Cmd: compileSnippet
  api=4 type=1 insize=1632 outsize=1509 kw= pd= ok=1
Cmd: preprocess
  insize=12423 outsize=2312 ok=1
Cmd: compileSnippet
  api=4 type=0 insize=10185 outsize=1006 kw= pd= ok=1
Cmd: compileSnippet
  api=4 type=1 insize=10185 outsize=1193 kw= pd= ok=1
Cmd: compileSnippet
  api=4 type=0 insize=10184 outsize=1006 kw= pd= ok=1
Cmd: compileSnippet
  api=4 type=1 insize=10184 outsize=1631 kw= pd= ok=1
Cmd: compileSnippet
  api=4 type=0 insize=10184 outsize=1006 kw= pd= ok=1
Cmd: compileSnippet
  api=4 type=1 insize=10184 outsize=1704 kw= pd= ok=1
Cmd: compileSnippet
  api=4 type=0 insize=10166 outsize=1006 kw= pd= ok=1
Cmd: compileSnippet
  api=4 type=1 insize=10166 outsize=1225 kw= pd= ok=1
Cmd: compileSnippet
  api=4 type=0 insize=10185 outsize=1006 kw= pd= ok=1
Cmd: compileSnippet
  api=4 type=1 insize=10185 outsize=1355 kw= pd= ok=1
Cmd: compileSnippet
  api=4 type=0 insize=10166 outsize=1006 kw= pd= ok=1
Cmd: compileSnippet
  api=4 type=1 insize=10166 outsize=1623 kw= pd= ok=1
Cmd: compileSnippet
  api=4 type=0 insize=10211 outsize=1363 kw= pd= ok=1
Cmd: compileSnippet
  api=4 type=1 insize=10211 outsize=1867 kw= pd= ok=1
Cmd: compileSnippet
  api=4 type=0 insize=10165 outsize=1006 kw= pd= ok=1
Cmd: compileSnippet
  api=4 type=1 insize=10165 outsize=526 kw= pd= ok=1
Cmd: compileSnippet
  api=4 type=0 insize=10169 outsize=1006 kw= pd= ok=1
Cmd: compileSnippet
  api=4 type=1 insize=10169 outsize=616 kw= pd= ok=1
Cmd: compileSnippet
  api=4 type=0 insize=10191 outsize=2176 kw= pd= ok=1
Cmd: compileSnippet
  api=4 type=1 insize=10191 outsize=3281 kw= pd= ok=1
Cmd: compileSnippet
  api=4 type=0 insize=10185 outsize=2176 kw= pd= ok=1
Cmd: compileSnippet
  api=4 type=1 insize=10185 outsize=3443 kw= pd= ok=1
Cmd: compileSnippet
  api=4 type=0 insize=10191 outsize=2176 kw= pd= ok=1
Cmd: compileSnippet
  api=4 type=1 insize=10191 outsize=3281 kw= pd= ok=1
Cmd: preprocess
  insize=1909 outsize=438 ok=1
Cmd: compileSnippet
  api=4 type=0 insize=1746 outsize=1006 kw= pd= ok=1
Cmd: compileSnippet
  api=4 type=1 insize=1746 outsize=1615 kw= pd= ok=1
Cmd: compileSnippet
  api=4 type=0 insize=1759 outsize=1006 kw= pd= ok=1
Cmd: compileSnippet
  api=4 type=1 insize=1759 outsize=1916 kw= pd= ok=1
Cmd: preprocess
  insize=1357 outsize=642 ok=1
Cmd: compileSnippet
  api=4 type=0 insize=1021 outsize=1769 kw= pd= ok=1
Cmd: compileSnippet
  api=4 type=1 insize=1021 outsize=518 kw= pd= ok=1
Cmd: preprocess
  insize=1802 outsize=527 ok=1
Cmd: compileSnippet
  api=4 type=0 insize=1581 outsize=2200 kw= pd= ok=1
Cmd: compileSnippet
  api=4 type=1 insize=1581 outsize=2086 kw= pd= ok=1
Cmd: preprocess
  insize=1530 outsize=277 ok=1
Cmd: compileSnippet
  api=4 type=0 insize=1558 outsize=1753 kw= pd= ok=1
Cmd: compileSnippet
  api=4 type=1 insize=1558 outsize=2371 kw= pd= ok=1
Cmd: preprocess
  insize=23968 outsize=4108 ok=1
Cmd: compileSnippet
  api=4 type=0 insize=19214 outsize=1314 kw= pd= ok=1
Cmd: compileSnippet
  api=4 type=1 insize=19214 outsize=1436 kw= pd= ok=1
Cmd: compileSnippet
  api=4 type=0 insize=19220 outsize=2111 kw= pd= ok=1
Cmd: compileSnippet
  api=4 type=1 insize=19220 outsize=3931 kw= pd= ok=1
Cmd: compileSnippet
  api=4 type=0 insize=19223 outsize=2111 kw= pd= ok=1
Cmd: compileSnippet
  api=4 type=1 insize=19223 outsize=7587 kw= pd= ok=1
Cmd: compileSnippet
  api=4 type=0 insize=19202 outsize=1314 kw= pd= ok=1
Cmd: compileSnippet
  api=4 type=1 insize=19202 outsize=664 kw= pd= ok=1
Cmd: compileSnippet
  api=4 type=0 insize=19218 outsize=1314 kw= pd= ok=1
Cmd: compileSnippet
  api=4 type=1 insize=19218 outsize=1428 kw= pd= ok=1
Cmd: compileSnippet
  api=4 type=0 insize=19205 outsize=1314 kw= pd= ok=1
Cmd: compileSnippet
  api=4 type=1 insize=19205 outsize=2574 kw= pd= ok=1
Cmd: compileSnippet
  api=4 type=0 insize=19216 outsize=1314 kw= pd= ok=1
Cmd: compileSnippet
  api=4 type=1 insize=19216 outsize=2111 kw= pd= ok=1
Cmd: compileSnippet
  api=4 type=0 insize=19212 outsize=1314 kw= pd= ok=1
Cmd: compileSnippet
  api=4 type=1 insize=19212 outsize=843 kw= pd= ok=1
Cmd: compileSnippet
  api=4 type=0 insize=19222 outsize=1314 kw= pd= ok=1
Cmd: compileSnippet
  api=4 type=1 insize=19222 outsize=1501 kw= pd= ok=1
Cmd: compileSnippet
  api=4 type=0 insize=19215 outsize=1314 kw= pd= ok=1
Cmd: compileSnippet
  api=4 type=1 insize=19215 outsize=1233 kw= pd= ok=1
Cmd: compileSnippet
  api=4 type=0 insize=19222 outsize=1314 kw= pd= ok=1
Cmd: compileSnippet
  api=4 type=1 insize=19222 outsize=1818 kw= pd= ok=1
Cmd: compileSnippet
  api=4 type=0 insize=19210 outsize=1314 kw= pd= ok=1
Cmd: compileSnippet
  error: 1 plat 4 at (92): gradient-based operations must be moved out of flow control to prevent divergence. Performance may improve by using a non-gradient operation\nCompiling Fragment program
  error: 1 plat 4 at (168): gradient-based operations must be moved out of flow control to prevent divergence. Performance may improve by using a non-gradient operation\nCompiling Fragment program
  api=4 type=1 insize=19210 outsize=3102 kw= pd= ok=1
Cmd: compileSnippet
  api=4 type=0 insize=19219 outsize=1314 kw= pd= ok=1
Cmd: compileSnippet
  api=4 type=1 insize=19219 outsize=3500 kw= pd= ok=1
Cmd: compileSnippet
  api=4 type=0 insize=19206 outsize=1314 kw= pd= ok=1
Cmd: compileSnippet
  api=4 type=1 insize=19206 outsize=1558 kw= pd= ok=1
Cmd: compileSnippet
  api=4 type=0 insize=19220 outsize=1314 kw= pd= ok=1
Cmd: compileSnippet
  api=4 type=1 insize=19220 outsize=1046 kw= pd= ok=1
Cmd: compileSnippet
  api=4 type=0 insize=19211 outsize=1314 kw= pd= ok=1
Cmd: compileSnippet
  api=4 type=1 insize=19211 outsize=1404 kw= pd= ok=1
Cmd: compileSnippet
  api=4 type=0 insize=19206 outsize=1314 kw= pd= ok=1
Cmd: compileSnippet
  api=4 type=1 insize=19206 outsize=859 kw= pd= ok=1
Cmd: compileSnippet
  api=4 type=0 insize=19210 outsize=1314 kw= pd= ok=1
Cmd: compileSnippet
  error: 1 plat 4 at (97): gradient-based operations must be moved out of flow control to prevent divergence. Performance may improve by using a non-gradient operation\nCompiling Fragment program
  error: 1 plat 4 at (200): gradient-based operations must be moved out of flow control to prevent divergence. Performance may improve by using a non-gradient operation\nCompiling Fragment program
  api=4 type=1 insize=19210 outsize=3858 kw= pd= ok=1
Cmd: compileSnippet
  api=4 type=0 insize=19219 outsize=1314 kw= pd= ok=1
Cmd: compileSnippet
  api=4 type=1 insize=19219 outsize=3760 kw= pd= ok=1
Cmd: compileSnippet
  api=4 type=0 insize=19228 outsize=2111 kw= pd= ok=1
Cmd: compileSnippet
  api=4 type=1 insize=19228 outsize=4670 kw= pd= ok=1
Cmd: compileSnippet
  api=4 type=0 insize=19207 outsize=1314 kw= pd= ok=1
Cmd: compileSnippet
  api=4 type=1 insize=19207 outsize=778 kw= pd= ok=1
Cmd: compileSnippet
  api=4 type=0 insize=19209 outsize=1314 kw= pd= ok=1
Cmd: compileSnippet
  api=4 type=1 insize=19209 outsize=2574 kw= pd= ok=1
Cmd: compileSnippet
  api=4 type=0 insize=19225 outsize=1314 kw= pd= ok=1
Cmd: compileSnippet
  api=4 type=1 insize=19225 outsize=664 kw= pd= ok=1
Cmd: preprocess
  insize=3938 outsize=531 ok=1
Cmd: compileSnippet
  api=4 type=0 insize=3713 outsize=1753 kw= pd= ok=1
Cmd: compileSnippet
  api=4 type=1 insize=3713 outsize=3305 kw= pd= ok=1
Cmd: compileSnippet
  api=4 type=0 insize=3725 outsize=1753 kw= pd= ok=1
Cmd: compileSnippet
  api=4 type=1 insize=3725 outsize=1794 kw= pd= ok=1
Cmd: compileSnippet
  api=4 type=0 insize=3716 outsize=1753 kw= pd= ok=1
Cmd: compileSnippet
  api=4 type=1 insize=3716 outsize=2395 kw= pd= ok=1
Cmd: preprocess
  insize=1675 outsize=280 ok=1
Cmd: compileSnippet
  api=4 type=0 insize=1697 outsize=1729 kw= pd= ok=1
Cmd: compileSnippet
  api=4 type=1 insize=1697 outsize=4629 kw= pd= ok=1
Cmd: preprocess
  insize=965 outsize=333 ok=1
Cmd: compileSnippet
  api=4 type=0 insize=934 outsize=1006 kw= pd= ok=1
Cmd: compileSnippet
  api=4 type=1 insize=934 outsize=1298 kw= pd= ok=1
Cmd: preprocess
  insize=1082 outsize=404 ok=1
Cmd: compileSnippet
  api=4 type=0 insize=951 outsize=1006 kw= pd= ok=1
Cmd: compileSnippet
  api=4 type=1 insize=951 outsize=965 kw= pd= ok=1
Cmd: compileSnippet
  api=4 type=0 insize=957 outsize=1006 kw= pd= ok=1
Cmd: compileSnippet
  api=4 type=1 insize=957 outsize=1022 kw= pd= ok=1
Cmd: preprocess
  insize=673 outsize=248 ok=1
Cmd: compileSnippet
  api=4 type=0 insize=724 outsize=1006 kw= pd= ok=1
Cmd: compileSnippet
  api=4 type=1 insize=724 outsize=835 kw= pd= ok=1
Cmd: preprocess
  insize=5564 outsize=855 ok=1
Cmd: compileSnippet
  api=4 type=0 insize=4897 outsize=1574 kw= pd= ok=1
Cmd: compileSnippet
  api=4 type=1 insize=4897 outsize=2151 kw= pd= ok=1
Cmd: compileSnippet
  api=4 type=0 insize=4899 outsize=1574 kw= pd= ok=1
Cmd: compileSnippet
  api=4 type=1 insize=4899 outsize=1656 kw= pd= ok=1
Cmd: compileSnippet
  api=4 type=0 insize=4903 outsize=1574 kw= pd= ok=1
Cmd: compileSnippet
  api=4 type=1 insize=4903 outsize=1818 kw= pd= ok=1
Cmd: compileSnippet
  api=4 type=0 insize=4912 outsize=1006 kw= pd= ok=1
Cmd: compileSnippet
  api=4 type=1 insize=4912 outsize=1054 kw= pd= ok=1
Cmd: compileSnippet
  api=4 type=0 insize=4893 outsize=1574 kw= pd= ok=1
Cmd: compileSnippet
  api=4 type=1 insize=4893 outsize=2151 kw= pd= ok=1
Cmd: preprocess
  insize=5171 outsize=737 ok=1
Cmd: compileSnippet
  api=4 type=0 insize=4605 outsize=1006 kw= pd= ok=1
Cmd: compileSnippet
  api=4 type=1 insize=4605 outsize=1201 kw= pd= ok=1
Cmd: compileSnippet
  api=4 type=0 insize=4609 outsize=2151 kw= pd= ok=1
Cmd: compileSnippet
  api=4 type=1 insize=4609 outsize=1851 kw= pd= ok=1
Cmd: compileSnippet
  api=4 type=0 insize=4619 outsize=2159 kw= pd= ok=1
Cmd: compileSnippet
  api=4 type=1 insize=4619 outsize=2753 kw= pd= ok=1
Cmd: compileSnippet
  api=4 type=0 insize=4614 outsize=2159 kw= pd= ok=1
Cmd: compileSnippet
  api=4 type=1 insize=4614 outsize=2419 kw= pd= ok=1
Cmd: compileSnippet
  api=4 type=0 insize=4620 outsize=1753 kw= pd= ok=1
Cmd: compileSnippet
  api=4 type=1 insize=4620 outsize=2371 kw= pd= ok=1
Cmd: preprocess
  insize=520 outsize=341 ok=1
Cmd: compileSnippet
  api=4 type=0 insize=481 outsize=1006 kw= pd= ok=1
Cmd: compileSnippet
  api=4 type=1 insize=481 outsize=1274 kw= pd= ok=1
Cmd: preprocess
  insize=6414 outsize=902 ok=1
Cmd: compileSnippet
  api=4 type=0 insize=5582 outsize=1314 kw= pd= ok=1
Cmd: compileSnippet
  api=4 type=1 insize=5582 outsize=811 kw= pd= ok=1
Cmd: compileSnippet
  api=4 type=0 insize=5581 outsize=1314 kw= pd= ok=1
Cmd: compileSnippet
  api=4 type=1 insize=5581 outsize=908 kw= pd= ok=1
Cmd: compileSnippet
  api=4 type=0 insize=5575 outsize=1314 kw= pd= ok=1
Cmd: compileSnippet
  api=4 type=1 insize=5575 outsize=2639 kw= pd= ok=1
Cmd: compileSnippet
  api=4 type=0 insize=5574 outsize=1314 kw= pd= ok=1
Cmd: compileSnippet
  api=4 type=1 insize=5574 outsize=2793 kw= pd= ok=1
Cmd: compileSnippet
  api=4 type=0 insize=5577 outsize=1314 kw= pd= ok=1
Cmd: compileSnippet
  api=4 type=1 insize=5577 outsize=2907 kw= pd= ok=1
Cmd: compileSnippet
  api=4 type=0 insize=5576 outsize=1314 kw= pd= ok=1
Cmd: compileSnippet
  api=4 type=1 insize=5576 outsize=2964 kw= pd= ok=1
Cmd: compileSnippet
  api=4 type=0 insize=5578 outsize=1314 kw= pd= ok=1
Cmd: compileSnippet
  api=4 type=1 insize=5578 outsize=1014 kw= pd= ok=1
Cmd: preprocess
  insize=1013 outsize=1805 ok=1
Cmd: compileSnippet
  api=4 type=0 insize=7568 outsize=4093 kw=DIRECTIONAL SHADOWS_OFF LIGHTMAP_OFF DIRLIGHTMAP_OFF DYNAMICLIGHTMAP_OFF pd= ok=1
Cmd: compileSnippet
  api=4 type=1 insize=7568 outsize=2696 kw=DIRECTIONAL SHADOWS_OFF LIGHTMAP_OFF DIRLIGHTMAP_OFF DYNAMICLIGHTMAP_OFF pd= ok=1
Cmd: compileSnippet
  api=4 type=0 insize=4065 outsize=2753 kw=POINT pd= ok=1
Cmd: compileSnippet
  api=4 type=1 insize=4065 outsize=2858 kw=POINT pd= ok=1
Cmd: compileSnippet
  api=4 type=0 insize=3186 outsize=2533 kw= pd= ok=1
Cmd: compileSnippet
  api=4 type=1 insize=3186 outsize=738 kw= pd= ok=1
Cmd: compileSnippet
  api=4 type=0 insize=6451 outsize=4475 kw=LIGHTMAP_OFF DIRLIGHTMAP_OFF DYNAMICLIGHTMAP_OFF HDR_LIGHT_PREPASS_OFF pd= ok=1
Cmd: compileSnippet
  api=4 type=1 insize=6451 outsize=1964 kw=LIGHTMAP_OFF DIRLIGHTMAP_OFF DYNAMICLIGHTMAP_OFF HDR_LIGHT_PREPASS_OFF pd= ok=1
Cmd: compileSnippet
  api=4 type=0 insize=6616 outsize=4231 kw=LIGHTMAP_OFF DIRLIGHTMAP_OFF DYNAMICLIGHTMAP_OFF HDR_LIGHT_PREPASS_OFF pd= ok=1
Cmd: compileSnippet
  api=4 type=1 insize=6616 outsize=2078 kw=LIGHTMAP_OFF DIRLIGHTMAP_OFF DYNAMICLIGHTMAP_OFF HDR_LIGHT_PREPASS_OFF pd= ok=1
Cmd: compileSnippet
  api=4 type=0 insize=3555 outsize=3793 kw= pd= ok=1
Cmd: compileSnippet
  api=4 type=1 insize=3555 outsize=2574 kw= pd= ok=1
Cmd: preprocess
  insize=1306 outsize=373 ok=1
Cmd: compileSnippet
  api=4 type=0 insize=1235 outsize=1599 kw= pd= ok=1
Cmd: compileSnippet
  api=4 type=1 insize=1235 outsize=1168 kw= pd= ok=1
Cmd: preprocess
  insize=32583 outsize=255 ok=1
Cmd: compileSnippet
  api=4 type=0 insize=32630 outsize=1006 kw= pd= ok=1
Cmd: compileSnippet
  api=4 type=1 insize=32630 outsize=10699 kw= pd= ok=1
Cmd: preprocess
  insize=5175 outsize=1721 ok=1
Cmd: compileSnippet
  api=4 type=0 insize=3758 outsize=1769 kw= pd= ok=1
Cmd: compileSnippet
  api=4 type=1 insize=3758 outsize=6961 kw= pd= ok=1
Cmd: preprocess
  insize=2274 outsize=1036 ok=1
Cmd: compileSnippet
  api=4 type=0 insize=1537 outsize=1290 kw=SOFTPARTICLES_OFF pd= ok=1
Cmd: compileSnippet
  api=4 type=1 insize=1537 outsize=924 kw=SOFTPARTICLES_OFF pd= ok=1
Cmd: preprocess
  insize=6737 outsize=236 ok=1
Cmd: compileSnippet
  api=4 type=0 insize=6803 outsize=1396 kw= pd= ok=1
Cmd: compileSnippet
  api=4 type=1 insize=6803 outsize=4434 kw= pd= ok=1
Cmd: preprocess
  insize=4268 outsize=418 ok=1
Cmd: compileSnippet
  api=4 type=0 insize=4125 outsize=2216 kw= pd= ok=1
Cmd: compileSnippet
  api=4 type=1 insize=4125 outsize=7043 kw= pd= ok=1
Cmd: compileSnippet
  api=4 type=0 insize=4130 outsize=2216 kw= pd= ok=1
Cmd: compileSnippet
  api=4 type=1 insize=4130 outsize=6108 kw= pd= ok=1
Cmd: preprocess
  insize=4608 outsize=887 ok=1
Cmd: compileSnippet
  api=4 type=0 insize=3943 outsize=1314 kw= pd= ok=1
Cmd: compileSnippet
  api=4 type=1 insize=3943 outsize=1217 kw= pd= ok=1
Cmd: compileSnippet
  api=4 type=0 insize=3951 outsize=1249 kw= pd= ok=1
Cmd: compileSnippet
  api=4 type=1 insize=3951 outsize=1201 kw= pd= ok=1
Cmd: compileSnippet
  api=4 type=0 insize=3943 outsize=1314 kw= pd= ok=1
Cmd: compileSnippet
  api=4 type=1 insize=3943 outsize=1721 kw= pd= ok=1
Cmd: compileSnippet
  api=4 type=0 insize=3945 outsize=1314 kw= pd= ok=1
Cmd: compileSnippet
  api=4 type=1 insize=3945 outsize=2021 kw= pd= ok=1
Cmd: compileSnippet
  api=4 type=0 insize=3940 outsize=1314 kw= pd= ok=1
Cmd: compileSnippet
  api=4 type=1 insize=3940 outsize=989 kw= pd= ok=1
Cmd: preprocess
  insize=1310 outsize=384 ok=1
Cmd: compileSnippet
  api=4 type=0 insize=1228 outsize=1477 kw= pd= ok=1
Cmd: compileSnippet
  api=4 type=1 insize=1228 outsize=1087 kw= pd= ok=1
Cmd: preprocess
  insize=5717 outsize=1219 ok=1
Cmd: compileSnippet
  api=4 type=0 insize=4250 outsize=1444 kw= pd= ok=1
Cmd: compileSnippet
  api=4 type=1 insize=4250 outsize=3208 kw= pd= ok=1
Cmd: compileSnippet
  error: 1 plat 4 at (72): Output value 'vertApply' is not completely initialized\nCompiling Vertex program
  api=4 type=0 insize=3336 outsize=1201 kw= pd= ok=1
Cmd: compileSnippet
  api=4 type=1 insize=3336 outsize=1672 kw= pd= ok=1
Cmd: compileSnippet
  api=4 type=4 insize=3336 outsize=3606 kw= pd= ok=1
Cmd: compileSnippet
  error: 1 plat 4 at (72): Output value 'vertApply' is not completely initialized\nCompiling Vertex program
  api=4 type=0 insize=3336 outsize=1201 kw= pd= ok=1
Cmd: compileSnippet
  api=4 type=1 insize=3336 outsize=1672 kw= pd= ok=1
Cmd: compileSnippet
  api=4 type=4 insize=3336 outsize=3606 kw= pd= ok=1
Cmd: preprocess
  insize=716 outsize=286 ok=1
Cmd: compileSnippet
  api=4 type=0 insize=732 outsize=1006 kw= pd= ok=1
Cmd: compileSnippet
  api=4 type=1 insize=732 outsize=673 kw= pd= ok=1
Cmd: preprocess
  insize=656 outsize=299 ok=1
Cmd: compileSnippet
  api=4 type=0 insize=657 outsize=1006 kw= pd= ok=1
Cmd: compileSnippet
  api=4 type=1 insize=657 outsize=1404 kw= pd= ok=1
Cmd: preprocess
  insize=3696 outsize=630 ok=1
Cmd: compileSnippet
  api=4 type=0 insize=3278 outsize=1006 kw= pd= ok=1
Cmd: compileSnippet
  api=4 type=1 insize=3278 outsize=1274 kw= pd= ok=1
Cmd: compileSnippet
  api=4 type=0 insize=3285 outsize=2151 kw= pd= ok=1
Cmd: compileSnippet
  api=4 type=1 insize=3285 outsize=1851 kw= pd= ok=1
Cmd: compileSnippet
  api=4 type=0 insize=3294 outsize=2135 kw= pd= ok=1
Cmd: compileSnippet
  api=4 type=1 insize=3294 outsize=2208 kw= pd= ok=1
Cmd: compileSnippet
  api=4 type=0 insize=3289 outsize=2135 kw= pd= ok=1
Cmd: compileSnippet
  api=4 type=1 insize=3289 outsize=2419 kw= pd= ok=1
Cmd: preprocess
  insize=799 outsize=276 ok=1
Cmd: compileSnippet
  api=4 type=0 insize=828 outsize=1006 kw= pd= ok=1
Cmd: compileSnippet
  api=4 type=1 insize=828 outsize=1103 kw= pd= ok=1
Cmd: preprocess
  insize=1265 outsize=272 ok=1
Cmd: compileSnippet
  api=4 type=0 insize=1298 outsize=1574 kw= pd= ok=1
Cmd: compileSnippet
  api=4 type=1 insize=1298 outsize=1956 kw= pd= ok=1
Cmd: preprocess
  insize=2015 outsize=946 ok=1
Cmd: compileSnippet
  api=4 type=0 insize=859 outsize=1087 kw= pd= ok=1
Cmd: compileSnippet
  api=4 type=1 insize=859 outsize=754 kw= pd= ok=1
Cmd: compileSnippet
  api=4 type=0 insize=814 outsize=1087 kw= pd= ok=1
Cmd: compileSnippet
  api=4 type=1 insize=814 outsize=616 kw= pd= ok=1
Cmd: preprocess
  insize=880 outsize=1231 ok=1
Cmd: compileSnippet
  api=4 type=0 insize=7304 outsize=4093 kw=DIRECTIONAL LIGHTMAP_OFF DIRLIGHTMAP_OFF DYNAMICLIGHTMAP_OFF pd= ok=1
Cmd: compileSnippet
  api=4 type=1 insize=7304 outsize=1656 kw=DIRECTIONAL LIGHTMAP_OFF DIRLIGHTMAP_OFF DYNAMICLIGHTMAP_OFF pd= ok=1
Cmd: compileSnippet
  api=4 type=0 insize=3844 outsize=2753 kw=POINT pd= ok=1
Cmd: compileSnippet
  api=4 type=1 insize=3844 outsize=1948 kw=POINT pd= ok=1
Cmd: compileSnippet
  api=4 type=0 insize=3513 outsize=3793 kw= pd= ok=1
Cmd: compileSnippet
  api=4 type=1 insize=3513 outsize=2517 kw= pd= ok=1
Cmd: preprocess
  insize=5095 outsize=700 ok=1
Cmd: compileSnippet
  api=4 type=0 insize=4659 outsize=1014 kw= pd= ok=1
Cmd: compileSnippet
  api=4 type=1 insize=4659 outsize=1964 kw= pd= ok=1
Cmd: compileSnippet
  api=4 type=0 insize=4664 outsize=1014 kw= pd= ok=1
Cmd: compileSnippet
  api=4 type=1 insize=4664 outsize=1696 kw= pd= ok=1
Cmd: compileSnippet
  api=4 type=0 insize=4674 outsize=1014 kw= pd= ok=1
Cmd: compileSnippet
  error: 1 plat 4 at (151): integer modulus may be much slower, try using uints if possible.\nCompiling Fragment program
  api=4 type=1 insize=4674 outsize=6466 kw= pd= ok=1
Cmd: preprocess
  insize=1017 outsize=470 ok=1
Cmd: compileSnippet
  api=4 type=0 insize=849 outsize=1144 kw= pd= ok=1
Cmd: compileSnippet
  api=4 type=1 insize=849 outsize=1038 kw= pd= ok=1
Cmd: preprocess
  insize=1139 outsize=364 ok=1
Cmd: compileSnippet
  api=4 type=0 insize=1080 outsize=1249 kw= pd= ok=1
Cmd: compileSnippet
  api=4 type=1 insize=1080 outsize=1201 kw= pd= ok=1
Cmd: preprocess
  insize=512 outsize=241 ok=1
Cmd: compileSnippet
  api=4 type=0 insize=573 outsize=843 kw= pd= ok=1
Cmd: compileSnippet
  api=4 type=1 insize=573 outsize=453 kw= pd= ok=1
Cmd: preprocess
  insize=650 outsize=290 ok=1
Cmd: compileSnippet
  api=4 type=0 insize=665 outsize=1006 kw= pd= ok=1
Cmd: compileSnippet
  api=4 type=1 insize=665 outsize=729 kw= pd= ok=1
Cmd: preprocess
  insize=5006 outsize=866 ok=1
Cmd: compileSnippet
  api=4 type=0 insize=4390 outsize=1599 kw= pd= ok=1
Cmd: compileSnippet
  api=4 type=1 insize=4390 outsize=1323 kw= pd= ok=1
Cmd: compileSnippet
  api=4 type=0 insize=4394 outsize=1412 kw= pd= ok=1
Cmd: compileSnippet
  api=4 type=1 insize=4394 outsize=1534 kw= pd= ok=1
Cmd: compileSnippet
  api=4 type=0 insize=4395 outsize=1412 kw= pd= ok=1
Cmd: compileSnippet
  api=4 type=1 insize=4395 outsize=1534 kw= pd= ok=1
Cmd: compileSnippet
  api=4 type=0 insize=4399 outsize=1769 kw= pd= ok=1
Cmd: compileSnippet
  api=4 type=1 insize=4399 outsize=1802 kw= pd= ok=1
Cmd: compileSnippet
  api=4 type=0 insize=4400 outsize=1769 kw= pd= ok=1
Cmd: compileSnippet
  api=4 type=1 insize=4400 outsize=1802 kw= pd= ok=1
Cmd: compileSnippet
  api=4 type=0 insize=751 outsize=3533 kw=SHADOWS_DEPTH pd= ok=1
Cmd: compileSnippet
  api=4 type=1 insize=751 outsize=380 kw=SHADOWS_DEPTH pd= ok=1
Cmd: compileSnippet
  api=4 type=0 insize=977 outsize=3979 kw=DIRECTIONAL SHADOWS_OFF LIGHTMAP_OFF DIRLIGHTMAP_OFF DYNAMICLIGHTMAP_OFF _EMISSION pd= ok=1
Cmd: compileSnippet
  api=4 type=1 insize=977 outsize=10715 kw=DIRECTIONAL SHADOWS_OFF LIGHTMAP_OFF DIRLIGHTMAP_OFF DYNAMICLIGHTMAP_OFF _EMISSION pd= ok=1
Cmd: compileSnippet
  api=4 type=0 insize=934 outsize=4101 kw=DIRECTIONAL SHADOWS_OFF pd= ok=1
Cmd: compileSnippet
  api=4 type=1 insize=934 outsize=5401 kw=DIRECTIONAL SHADOWS_OFF pd= ok=1
Cmd: compileSnippet
  api=4 type=0 insize=541 outsize=3533 kw=SHADOWS_DEPTH pd= ok=1
Cmd: compileSnippet
  api=4 type=1 insize=541 outsize=453 kw=SHADOWS_DEPTH pd= ok=1
Cmd: compileSnippet
  api=4 type=0 insize=7666 outsize=4784 kw=DIRECTIONAL SHADOWS_OFF LIGHTMAP_OFF DIRLIGHTMAP_OFF DYNAMICLIGHTMAP_OFF pd= ok=1
Cmd: compileSnippet
  api=4 type=1 insize=7666 outsize=3476 kw=DIRECTIONAL SHADOWS_OFF LIGHTMAP_OFF DIRLIGHTMAP_OFF DYNAMICLIGHTMAP_OFF pd= ok=1
Cmd: compileSnippet
  api=4 type=0 insize=5061 outsize=4020 kw=DIRECTIONAL pd= ok=1
Cmd: compileSnippet
  api=4 type=1 insize=5061 outsize=2907 kw=DIRECTIONAL pd= ok=1
Cmd: compileSnippet
  api=4 type=0 insize=1642 outsize=1290 kw=SOFTPARTICLES_OFF pd= ok=1
Cmd: compileSnippet
  api=4 type=1 insize=1642 outsize=924 kw=SOFTPARTICLES_OFF pd= ok=1
Cmd: compileSnippet
  api=4 type=0 insize=1274 outsize=14623 kw=SHADOWS_DEPTH GEOM_TYPE_FROND pd= ok=1
Cmd: compileSnippet
  api=4 type=1 insize=1274 outsize=908 kw=SHADOWS_DEPTH GEOM_TYPE_FROND pd= ok=1
Cmd: compileSnippet
  api=4 type=0 insize=455008 outsize=15688 kw=DIRECTIONAL SHADOWS_OFF LIGHTMAP_OFF DIRLIGHTMAP_OFF DYNAMICLIGHTMAP_OFF EFFECT_BUMP EFFECT_HUE_VARIATION GEOM_TYPE_FROND pd= ok=1
Cmd: compileSnippet
  api=4 type=1 insize=455008 outsize=3151 kw=DIRECTIONAL SHADOWS_OFF LIGHTMAP_OFF DIRLIGHTMAP_OFF DYNAMICLIGHTMAP_OFF EFFECT_BUMP EFFECT_HUE_VARIATION GEOM_TYPE_FROND pd= ok=1
Cmd: compileSnippet
  api=4 type=0 insize=291968 outsize=15062 kw=DIRECTIONAL EFFECT_BUMP EFFECT_HUE_VARIATION GEOM_TYPE_FROND pd= ok=1
Cmd: compileSnippet
  api=4 type=1 insize=291968 outsize=2761 kw=DIRECTIONAL EFFECT_BUMP EFFECT_HUE_VARIATION GEOM_TYPE_FROND pd= ok=1
Cmd: compileSnippet
  api=4 type=0 insize=977 outsize=4703 kw=DIRECTIONAL SHADOWS_OFF LIGHTMAP_OFF DIRLIGHTMAP_OFF DYNAMICLIGHTMAP_OFF _NORMALMAP pd= ok=1
Cmd: compileSnippet
  api=4 type=1 insize=977 outsize=11292 kw=DIRECTIONAL SHADOWS_OFF LIGHTMAP_OFF DIRLIGHTMAP_OFF DYNAMICLIGHTMAP_OFF _NORMALMAP pd= ok=1
Cmd: compileSnippet
  api=4 type=0 insize=6924 outsize=3663 kw=DIRECTIONAL SHADOWS_OFF LIGHTMAP_OFF DIRLIGHTMAP_OFF DYNAMICLIGHTMAP_OFF pd= ok=1
Cmd: compileSnippet
  api=4 type=1 insize=6924 outsize=1314 kw=DIRECTIONAL SHADOWS_OFF LIGHTMAP_OFF DIRLIGHTMAP_OFF DYNAMICLIGHTMAP_OFF pd= ok=1
Cmd: compileSnippet
  api=4 type=0 insize=934 outsize=4101 kw=DIRECTIONAL SHADOWS_OFF _NORMALMAP pd= ok=1
Cmd: compileSnippet
  api=4 type=1 insize=934 outsize=6141 kw=DIRECTIONAL SHADOWS_OFF _NORMALMAP pd= ok=1
Cmd: compileSnippet
  api=4 type=0 insize=3695 outsize=2753 kw=DIRECTIONAL pd= ok=1
Cmd: compileSnippet
  api=4 type=1 insize=3695 outsize=1168 kw=DIRECTIONAL pd= ok=1
Cmd: compileSnippet
  api=4 type=0 insize=1470 outsize=1274 kw= pd= ok=1
Cmd: compileSnippet
  api=4 type=1 insize=1470 outsize=770 kw= pd= ok=1
Cmd: compileSnippet
  api=4 type=0 insize=751 outsize=3776 kw=SHADOWS_DEPTH _ALPHABLEND_ON pd= ok=1
Cmd: compileSnippet
  api=4 type=1 insize=751 outsize=1233 kw=SHADOWS_DEPTH _ALPHABLEND_ON pd= ok=1
Cmd: compileSnippet
  api=4 type=0 insize=977 outsize=3979 kw=DIRECTIONAL SHADOWS_OFF LIGHTMAP_OFF DIRLIGHTMAP_OFF DYNAMICLIGHTMAP_OFF _ALPHABLEND_ON pd= ok=1
Cmd: compileSnippet
  api=4 type=1 insize=977 outsize=10528 kw=DIRECTIONAL SHADOWS_OFF LIGHTMAP_OFF DIRLIGHTMAP_OFF DYNAMICLIGHTMAP_OFF _ALPHABLEND_ON pd= ok=1
Cmd: compileSnippet
  api=4 type=0 insize=934 outsize=4101 kw=DIRECTIONAL SHADOWS_OFF _ALPHABLEND_ON pd= ok=1
Cmd: compileSnippet
  api=4 type=1 insize=934 outsize=5466 kw=DIRECTIONAL SHADOWS_OFF _ALPHABLEND_ON pd= ok=1
Cmd: compileSnippet
  api=4 type=0 insize=977 outsize=3979 kw=DIRECTIONAL SHADOWS_OFF LIGHTMAP_OFF DIRLIGHTMAP_OFF DYNAMICLIGHTMAP_OFF pd= ok=1
Cmd: compileSnippet
  api=4 type=1 insize=977 outsize=10504 kw=DIRECTIONAL SHADOWS_OFF LIGHTMAP_OFF DIRLIGHTMAP_OFF DYNAMICLIGHTMAP_OFF pd= ok=1
Cmd: compileSnippet
  api=4 type=0 insize=1274 outsize=13583 kw=SHADOWS_DEPTH GEOM_TYPE_BRANCH pd= ok=1
Cmd: compileSnippet
  api=4 type=1 insize=1274 outsize=453 kw=SHADOWS_DEPTH GEOM_TYPE_BRANCH pd= ok=1
Cmd: compileSnippet
  api=4 type=0 insize=455008 outsize=14786 kw=DIRECTIONAL SHADOWS_OFF LIGHTMAP_OFF DIRLIGHTMAP_OFF DYNAMICLIGHTMAP_OFF EFFECT_BUMP EFFECT_HUE_VARIATION GEOM_TYPE_BRANCH pd= ok=1
Cmd: compileSnippet
  api=4 type=1 insize=455008 outsize=2972 kw=DIRECTIONAL SHADOWS_OFF LIGHTMAP_OFF DIRLIGHTMAP_OFF DYNAMICLIGHTMAP_OFF EFFECT_BUMP EFFECT_HUE_VARIATION GEOM_TYPE_BRANCH pd= ok=1
Cmd: compileSnippet
  api=4 type=0 insize=291968 outsize=14160 kw=DIRECTIONAL EFFECT_BUMP EFFECT_HUE_VARIATION GEOM_TYPE_BRANCH pd= ok=1
Cmd: compileSnippet
  api=4 type=1 insize=291968 outsize=2582 kw=DIRECTIONAL EFFECT_BUMP EFFECT_HUE_VARIATION GEOM_TYPE_BRANCH pd= ok=1
Cmd: compileSnippet
  api=4 type=0 insize=1274 outsize=22943 kw=SHADOWS_DEPTH GEOM_TYPE_LEAF pd= ok=1
Cmd: compileSnippet
  api=4 type=1 insize=1274 outsize=908 kw=SHADOWS_DEPTH GEOM_TYPE_LEAF pd= ok=1
Cmd: compileSnippet
  api=4 type=0 insize=455008 outsize=23983 kw=DIRECTIONAL SHADOWS_OFF LIGHTMAP_OFF DIRLIGHTMAP_OFF DYNAMICLIGHTMAP_OFF EFFECT_BUMP EFFECT_HUE_VARIATION GEOM_TYPE_LEAF pd= ok=1
Cmd: compileSnippet
  api=4 type=1 insize=455008 outsize=3151 kw=DIRECTIONAL SHADOWS_OFF LIGHTMAP_OFF DIRLIGHTMAP_OFF DYNAMICLIGHTMAP_OFF EFFECT_BUMP EFFECT_HUE_VARIATION GEOM_TYPE_LEAF pd= ok=1
Cmd: compileSnippet
  api=4 type=0 insize=291968 outsize=23358 kw=DIRECTIONAL EFFECT_BUMP EFFECT_HUE_VARIATION GEOM_TYPE_LEAF pd= ok=1
Cmd: compileSnippet
  api=4 type=1 insize=291968 outsize=2761 kw=DIRECTIONAL EFFECT_BUMP EFFECT_HUE_VARIATION GEOM_TYPE_LEAF pd= ok=1
Cmd: compileSnippet
  api=4 type=0 insize=3985 outsize=2679 kw= pd= ok=1
Cmd: compileSnippet
  api=4 type=1 insize=3985 outsize=770 kw= pd= ok=1
Cmd: compileSnippet
  api=4 type=0 insize=1705 outsize=1290 kw=SOFTPARTICLES_OFF pd= ok=1
Cmd: compileSnippet
  api=4 type=1 insize=1705 outsize=924 kw=SOFTPARTICLES_OFF pd= ok=1
Cmd: compileSnippet
  api=4 type=0 insize=1274 outsize=13583 kw=SHADOWS_DEPTH GEOM_TYPE_BRANCH_DETAIL pd= ok=1
Cmd: compileSnippet
  api=4 type=1 insize=1274 outsize=453 kw=SHADOWS_DEPTH GEOM_TYPE_BRANCH_DETAIL pd= ok=1
Cmd: compileSnippet
  api=4 type=0 insize=455008 outsize=15054 kw=DIRECTIONAL SHADOWS_OFF LIGHTMAP_OFF DIRLIGHTMAP_OFF DYNAMICLIGHTMAP_OFF EFFECT_BUMP EFFECT_HUE_VARIATION GEOM_TYPE_BRANCH_DETAIL pd= ok=1
Cmd: compileSnippet
  api=4 type=1 insize=455008 outsize=3484 kw=DIRECTIONAL SHADOWS_OFF LIGHTMAP_OFF DIRLIGHTMAP_OFF DYNAMICLIGHTMAP_OFF EFFECT_BUMP EFFECT_HUE_VARIATION GEOM_TYPE_BRANCH_DETAIL pd= ok=1
Cmd: compileSnippet
  api=4 type=0 insize=291968 outsize=14428 kw=DIRECTIONAL EFFECT_BUMP EFFECT_HUE_VARIATION GEOM_TYPE_BRANCH_DETAIL pd= ok=1
Cmd: compileSnippet
  api=4 type=1 insize=291968 outsize=3094 kw=DIRECTIONAL EFFECT_BUMP EFFECT_HUE_VARIATION GEOM_TYPE_BRANCH_DETAIL pd= ok=1
Cmd: compileSnippet
  api=4 type=0 insize=3944 outsize=2753 kw=DIRECTIONAL pd= ok=1
Cmd: compileSnippet
  api=4 type=1 insize=3944 outsize=1371 kw=DIRECTIONAL pd= ok=1
Cmd: compileSnippet
  api=4 type=0 insize=797 outsize=3776 kw=SHADOWS_DEPTH pd= ok=1
Cmd: compileSnippet
  api=4 type=1 insize=797 outsize=908 kw=SHADOWS_DEPTH pd= ok=1
Cmd: compileSnippet
  api=4 type=0 insize=118661 outsize=8700 kw=DIRECTIONAL SHADOWS_OFF LIGHTMAP_OFF DIRLIGHTMAP_OFF DYNAMICLIGHTMAP_OFF EFFECT_BUMP EFFECT_HUE_VARIATION pd= ok=1
Cmd: compileSnippet
  api=4 type=1 insize=118661 outsize=3151 kw=DIRECTIONAL SHADOWS_OFF LIGHTMAP_OFF DIRLIGHTMAP_OFF DYNAMICLIGHTMAP_OFF EFFECT_BUMP EFFECT_HUE_VARIATION pd= ok=1
Cmd: compileSnippet
  api=4 type=0 insize=75205 outsize=8074 kw=DIRECTIONAL EFFECT_BUMP EFFECT_HUE_VARIATION pd= ok=1
Cmd: compileSnippet
  api=4 type=1 insize=75205 outsize=2761 kw=DIRECTIONAL EFFECT_BUMP EFFECT_HUE_VARIATION pd= ok=1
Cmd: compileSnippet
  api=4 type=0 insize=1706 outsize=1290 kw=SOFTPARTICLES_OFF pd= ok=1
Cmd: compileSnippet
  api=4 type=1 insize=1706 outsize=868 kw=SOFTPARTICLES_OFF pd= ok=1
Cmd: compileSnippet
  api=4 type=0 insize=966 outsize=1290 kw= pd= ok=1
Cmd: compileSnippet
  api=4 type=1 insize=966 outsize=811 kw= pd= ok=1
Cmd: compileSnippet
  api=4 type=0 insize=6845 outsize=3663 kw=DIRECTIONAL LIGHTMAP_OFF DIRLIGHTMAP_OFF DYNAMICLIGHTMAP_OFF pd= ok=1
Cmd: compileSnippet
  api=4 type=1 insize=6845 outsize=1314 kw=DIRECTIONAL LIGHTMAP_OFF DIRLIGHTMAP_OFF DYNAMICLIGHTMAP_OFF pd= ok=1
Cmd: compileSnippet
  api=4 type=0 insize=3617 outsize=2753 kw=DIRECTIONAL pd= ok=1
Cmd: compileSnippet
  api=4 type=1 insize=3617 outsize=1168 kw=DIRECTIONAL pd= ok=1
Cmd: compileSnippet
  api=4 type=0 insize=1738 outsize=1290 kw=SOFTPARTICLES_OFF pd= ok=1
Cmd: compileSnippet
  api=4 type=1 insize=1738 outsize=965 kw=SOFTPARTICLES_OFF pd= ok=1
Cmd: compileSnippet
  api=4 type=0 insize=1704 outsize=1347 kw= pd= ok=1
Cmd: compileSnippet
  api=4 type=1 insize=1704 outsize=1014 kw= pd= ok=1
Cmd: compileSnippet
  api=4 type=0 insize=751 outsize=3533 kw=SHADOWS_DEPTH pd= ok=1
Cmd: compileSnippet
  api=4 type=1 insize=751 outsize=380 kw=SHADOWS_DEPTH pd= ok=1
Cmd: compileSnippet
  api=4 type=0 insize=982 outsize=3979 kw=DIRECTIONAL SHADOWS_OFF LIGHTMAP_OFF DIRLIGHTMAP_OFF DYNAMICLIGHTMAP_OFF pd= ok=1
Cmd: compileSnippet
  api=4 type=1 insize=982 outsize=10618 kw=DIRECTIONAL SHADOWS_OFF LIGHTMAP_OFF DIRLIGHTMAP_OFF DYNAMICLIGHTMAP_OFF pd= ok=1
Cmd: compileSnippet
  api=4 type=0 insize=938 outsize=4101 kw=DIRECTIONAL SHADOWS_OFF pd= ok=1
Cmd: compileSnippet
  api=4 type=1 insize=938 outsize=5515 kw=DIRECTIONAL SHADOWS_OFF pd= ok=1
Cmd: compileSnippet
  api=4 type=0 insize=118661 outsize=10520 kw=DIRECTIONAL SHADOWS_OFF LIGHTMAP_OFF DIRLIGHTMAP_OFF DYNAMICLIGHTMAP_OFF EFFECT_BUMP EFFECT_HUE_VARIATION BILLBOARD_FACE_CAMERA_POS pd= ok=1
Cmd: compileSnippet
  api=4 type=1 insize=118661 outsize=3151 kw=DIRECTIONAL SHADOWS_OFF LIGHTMAP_OFF DIRLIGHTMAP_OFF DYNAMICLIGHTMAP_OFF EFFECT_BUMP EFFECT_HUE_VARIATION BILLBOARD_FACE_CAMERA_POS pd= ok=1
Cmd: compileSnippet
  api=4 type=0 insize=75205 outsize=9894 kw=DIRECTIONAL EFFECT_BUMP EFFECT_HUE_VARIATION BILLBOARD_FACE_CAMERA_POS pd= ok=1
Cmd: compileSnippet
  api=4 type=1 insize=75205 outsize=2761 kw=DIRECTIONAL EFFECT_BUMP EFFECT_HUE_VARIATION BILLBOARD_FACE_CAMERA_POS pd= ok=1
Cmd: compileSnippet
  api=4 type=0 insize=982 outsize=4337 kw=DIRECTIONAL SHADOWS_SCREEN LIGHTMAP_OFF DIRLIGHTMAP_OFF DYNAMICLIGHTMAP_OFF pd= ok=1
Cmd: compileSnippet
  api=4 type=1 insize=982 outsize=10926 kw=DIRECTIONAL SHADOWS_SCREEN LIGHTMAP_OFF DIRLIGHTMAP_OFF DYNAMICLIGHTMAP_OFF pd= ok=1
Cmd: compileSnippet
  api=4 type=0 insize=977 outsize=5060 kw=DIRECTIONAL SHADOWS_SCREEN LIGHTMAP_OFF DIRLIGHTMAP_OFF DYNAMICLIGHTMAP_OFF _NORMALMAP pd= ok=1
Cmd: compileSnippet
  api=4 type=1 insize=977 outsize=11601 kw=DIRECTIONAL SHADOWS_SCREEN LIGHTMAP_OFF DIRLIGHTMAP_OFF DYNAMICLIGHTMAP_OFF _NORMALMAP pd= ok=1
Cmd: compileSnippet
  api=4 type=0 insize=1004 outsize=4629 kw=SHADOWS_DEPTH pd= ok=1
Cmd: compileSnippet
  api=4 type=1 insize=1004 outsize=884 kw=SHADOWS_DEPTH pd= ok=1
Cmd: compileSnippet
  api=4 type=0 insize=631 outsize=4264 kw= pd= ok=1
Cmd: compileSnippet
  api=4 type=1 insize=631 outsize=989 kw= pd= ok=1
Cmd: compileSnippet
  api=4 type=0 insize=577 outsize=3533 kw=SHADOWS_DEPTH pd= ok=1
Cmd: compileSnippet
  api=4 type=1 insize=577 outsize=453 kw=SHADOWS_DEPTH pd= ok=1
Cmd: compileSnippet
  api=4 type=0 insize=6914 outsize=3663 kw=DIRECTIONAL SHADOWS_OFF LIGHTMAP_OFF DIRLIGHTMAP_OFF DYNAMICLIGHTMAP_OFF pd= ok=1
Cmd: compileSnippet
  api=4 type=1 insize=6914 outsize=1249 kw=DIRECTIONAL SHADOWS_OFF LIGHTMAP_OFF DIRLIGHTMAP_OFF DYNAMICLIGHTMAP_OFF pd= ok=1
Cmd: compileSnippet
  api=4 type=0 insize=4652 outsize=4093 kw= pd= ok=1
Cmd: compileSnippet
  api=4 type=1 insize=4652 outsize=1103 kw= pd= ok=1
Cmd: compileSnippet
  api=4 type=0 insize=13030 outsize=10829 kw=UNITY_COLORSPACE_GAMMA _SUNDISK_NONE pd= ok=1
Cmd: compileSnippet
  api=4 type=1 insize=13030 outsize=908 kw=UNITY_COLORSPACE_GAMMA _SUNDISK_NONE pd= ok=1
Cmd: compileSnippet
  api=4 type=0 insize=3589 outsize=7034 kw=SHADOWS_DEPTH pd= ok=1
Cmd: compileSnippet
  api=4 type=1 insize=3589 outsize=1030 kw=SHADOWS_DEPTH pd= ok=1
Cmd: compileSnippet
  api=4 type=0 insize=3198 outsize=6661 kw=SHADOWS_DEPTH pd= ok=1
Cmd: compileSnippet
  api=4 type=1 insize=3198 outsize=1030 kw=SHADOWS_DEPTH pd= ok=1
Cmd: compileSnippet
  api=4 type=0 insize=70382 outsize=4402 kw=DIRECTIONAL SHADOWS_SCREEN LIGHTMAP_OFF DIRLIGHTMAP_OFF DYNAMICLIGHTMAP_OFF pd= ok=1
Cmd: compileSnippet
  api=4 type=1 insize=70382 outsize=12015 kw=DIRECTIONAL SHADOWS_SCREEN LIGHTMAP_OFF DIRLIGHTMAP_OFF DYNAMICLIGHTMAP_OFF pd= ok=1
Cmd: compileSnippet
  api=4 type=0 insize=70382 outsize=4012 kw=DIRECTIONAL SHADOWS_OFF LIGHTMAP_OFF DIRLIGHTMAP_OFF DYNAMICLIGHTMAP_OFF pd= ok=1
Cmd: compileSnippet
  api=4 type=1 insize=70382 outsize=11706 kw=DIRECTIONAL SHADOWS_OFF LIGHTMAP_OFF DIRLIGHTMAP_OFF DYNAMICLIGHTMAP_OFF pd= ok=1
Cmd: compileSnippet
  api=4 type=0 insize=1274 outsize=13705 kw=SHADOWS_DEPTH LOD_FADE_PERCENTAGE GEOM_TYPE_BRANCH pd= ok=1
Cmd: compileSnippet
  api=4 type=1 insize=1274 outsize=453 kw=SHADOWS_DEPTH LOD_FADE_PERCENTAGE GEOM_TYPE_BRANCH pd= ok=1
Cmd: compileSnippet
  api=4 type=0 insize=1274 outsize=23390 kw=SHADOWS_DEPTH LOD_FADE_PERCENTAGE GEOM_TYPE_LEAF pd= ok=1
Cmd: compileSnippet
  api=4 type=1 insize=1274 outsize=908 kw=SHADOWS_DEPTH LOD_FADE_PERCENTAGE GEOM_TYPE_LEAF pd= ok=1
Cmd: compileSnippet
  api=4 type=0 insize=1274 outsize=14794 kw=SHADOWS_DEPTH LOD_FADE_PERCENTAGE GEOM_TYPE_FROND pd= ok=1
Cmd: compileSnippet
  api=4 type=1 insize=1274 outsize=908 kw=SHADOWS_DEPTH LOD_FADE_PERCENTAGE GEOM_TYPE_FROND pd= ok=1
Cmd: compileSnippet
  api=4 type=0 insize=455008 outsize=24430 kw=DIRECTIONAL SHADOWS_OFF LIGHTMAP_OFF DIRLIGHTMAP_OFF DYNAMICLIGHTMAP_OFF LOD_FADE_PERCENTAGE EFFECT_BUMP EFFECT_HUE_VARIATION GEOM_TYPE_LEAF pd= ok=1
Cmd: compileSnippet
  api=4 type=1 insize=455008 outsize=3151 kw=DIRECTIONAL SHADOWS_OFF LIGHTMAP_OFF DIRLIGHTMAP_OFF DYNAMICLIGHTMAP_OFF LOD_FADE_PERCENTAGE EFFECT_BUMP EFFECT_HUE_VARIATION GEOM_TYPE_LEAF pd= ok=1
Cmd: compileSnippet
  api=4 type=0 insize=455008 outsize=14908 kw=DIRECTIONAL SHADOWS_OFF LIGHTMAP_OFF DIRLIGHTMAP_OFF DYNAMICLIGHTMAP_OFF LOD_FADE_PERCENTAGE EFFECT_BUMP EFFECT_HUE_VARIATION GEOM_TYPE_BRANCH pd= ok=1
Cmd: compileSnippet
  api=4 type=1 insize=455008 outsize=2972 kw=DIRECTIONAL SHADOWS_OFF LIGHTMAP_OFF DIRLIGHTMAP_OFF DYNAMICLIGHTMAP_OFF LOD_FADE_PERCENTAGE EFFECT_BUMP EFFECT_HUE_VARIATION GEOM_TYPE_BRANCH pd= ok=1
Cmd: compileSnippet
  api=4 type=0 insize=455008 outsize=15858 kw=DIRECTIONAL SHADOWS_OFF LIGHTMAP_OFF DIRLIGHTMAP_OFF DYNAMICLIGHTMAP_OFF LOD_FADE_PERCENTAGE EFFECT_BUMP EFFECT_HUE_VARIATION GEOM_TYPE_FROND pd= ok=1
Cmd: compileSnippet
  api=4 type=1 insize=455008 outsize=3151 kw=DIRECTIONAL SHADOWS_OFF LIGHTMAP_OFF DIRLIGHTMAP_OFF DYNAMICLIGHTMAP_OFF LOD_FADE_PERCENTAGE EFFECT_BUMP EFFECT_HUE_VARIATION GEOM_TYPE_FROND pd= ok=1
Cmd: compileSnippet
  api=4 type=0 insize=455008 outsize=24877 kw=DIRECTIONAL SHADOWS_SCREEN LIGHTMAP_OFF DIRLIGHTMAP_OFF DYNAMICLIGHTMAP_OFF LOD_FADE_PERCENTAGE EFFECT_BUMP EFFECT_HUE_VARIATION GEOM_TYPE_LEAF pd= ok=1
Cmd: compileSnippet
  api=4 type=1 insize=455008 outsize=3468 kw=DIRECTIONAL SHADOWS_SCREEN LIGHTMAP_OFF DIRLIGHTMAP_OFF DYNAMICLIGHTMAP_OFF LOD_FADE_PERCENTAGE EFFECT_BUMP EFFECT_HUE_VARIATION GEOM_TYPE_LEAF pd= ok=1
Cmd: compileSnippet
  api=4 type=0 insize=455008 outsize=15354 kw=DIRECTIONAL SHADOWS_SCREEN LIGHTMAP_OFF DIRLIGHTMAP_OFF DYNAMICLIGHTMAP_OFF LOD_FADE_PERCENTAGE EFFECT_BUMP EFFECT_HUE_VARIATION GEOM_TYPE_BRANCH pd= ok=1
Cmd: compileSnippet
  api=4 type=1 insize=455008 outsize=3289 kw=DIRECTIONAL SHADOWS_SCREEN LIGHTMAP_OFF DIRLIGHTMAP_OFF DYNAMICLIGHTMAP_OFF LOD_FADE_PERCENTAGE EFFECT_BUMP EFFECT_HUE_VARIATION GEOM_TYPE_BRANCH pd= ok=1
Cmd: compileSnippet
  api=4 type=0 insize=455008 outsize=16305 kw=DIRECTIONAL SHADOWS_SCREEN LIGHTMAP_OFF DIRLIGHTMAP_OFF DYNAMICLIGHTMAP_OFF LOD_FADE_PERCENTAGE EFFECT_BUMP EFFECT_HUE_VARIATION GEOM_TYPE_FROND pd= ok=1
Cmd: compileSnippet
  api=4 type=1 insize=455008 outsize=3468 kw=DIRECTIONAL SHADOWS_SCREEN LIGHTMAP_OFF DIRLIGHTMAP_OFF DYNAMICLIGHTMAP_OFF LOD_FADE_PERCENTAGE EFFECT_BUMP EFFECT_HUE_VARIATION GEOM_TYPE_FROND pd= ok=1
Cmd: compileSnippet
  api=4 type=0 insize=3409 outsize=2484 kw= pd= ok=1
Cmd: compileSnippet
  api=4 type=1 insize=3409 outsize=1249 kw= pd= ok=1
Cmd: compileSnippet
  api=4 type=0 insize=70382 outsize=3931 kw=DIRECTIONAL SHADOWS_SCREEN LIGHTMAP_OFF DIRLIGHTMAP_COMBINED DYNAMICLIGHTMAP_ON pd= ok=1
Cmd: compileSnippet
  api=4 type=1 insize=70382 outsize=12446 kw=DIRECTIONAL SHADOWS_SCREEN LIGHTMAP_OFF DIRLIGHTMAP_COMBINED DYNAMICLIGHTMAP_ON pd= ok=1
Cmd: compileSnippet
  api=4 type=0 insize=70382 outsize=3541 kw=DIRECTIONAL SHADOWS_OFF LIGHTMAP_OFF DIRLIGHTMAP_COMBINED DYNAMICLIGHTMAP_ON pd= ok=1
Cmd: compileSnippet
  api=4 type=1 insize=70382 outsize=12137 kw=DIRECTIONAL SHADOWS_OFF LIGHTMAP_OFF DIRLIGHTMAP_COMBINED DYNAMICLIGHTMAP_ON pd= ok=1
Cmd: compileSnippet
  api=4 type=0 insize=70382 outsize=5190 kw=DIRECTIONAL SHADOWS_SCREEN LIGHTMAP_OFF DIRLIGHTMAP_COMBINED DYNAMICLIGHTMAP_ON _TERRAIN_NORMAL_MAP pd= ok=1
Cmd: compileSnippet
  api=4 type=1 insize=70382 outsize=13949 kw=DIRECTIONAL SHADOWS_SCREEN LIGHTMAP_OFF DIRLIGHTMAP_COMBINED DYNAMICLIGHTMAP_ON _TERRAIN_NORMAL_MAP pd= ok=1
Cmd: compileSnippet
  api=4 type=0 insize=70382 outsize=4800 kw=DIRECTIONAL SHADOWS_OFF LIGHTMAP_OFF DIRLIGHTMAP_COMBINED DYNAMICLIGHTMAP_ON _TERRAIN_NORMAL_MAP pd= ok=1
Cmd: compileSnippet
  api=4 type=1 insize=70382 outsize=13640 kw=DIRECTIONAL SHADOWS_OFF LIGHTMAP_OFF DIRLIGHTMAP_COMBINED DYNAMICLIGHTMAP_ON _TERRAIN_NORMAL_MAP pd= ok=1
